SF:/Users/ocots/Research/logiciels/dev/control-toolbox/CTSolvers/src/CTSolvers.jl
LH:0
LF:0
end_of_record
SF:/Users/ocots/Research/logiciels/dev/control-toolbox/CTSolvers/src/DOCP/DOCP.jl
LH:0
LF:0
end_of_record
SF:/Users/ocots/Research/logiciels/dev/control-toolbox/CTSolvers/src/DOCP/accessors.jl
DA:25,3
LH:1
LF:1
end_of_record
SF:/Users/ocots/Research/logiciels/dev/control-toolbox/CTSolvers/src/DOCP/building.jl
DA:36,4
DA:67,4
LH:2
LF:2
end_of_record
SF:/Users/ocots/Research/logiciels/dev/control-toolbox/CTSolvers/src/DOCP/contract_impl.jl
DA:32,3
DA:58,5
DA:84,3
DA:110,3
LH:4
LF:4
end_of_record
SF:/Users/ocots/Research/logiciels/dev/control-toolbox/CTSolvers/src/DOCP/types.jl
DA:43,8
LH:1
LF:1
end_of_record
SF:/Users/ocots/Research/logiciels/dev/control-toolbox/CTSolvers/src/Modelers/Modelers.jl
LH:0
LF:0
end_of_record
SF:/Users/ocots/Research/logiciels/dev/control-toolbox/CTSolvers/src/Modelers/abstract_modeler.jl
DA:61,1
DA:65,1
DA:89,1
DA:93,1
LH:4
LF:4
end_of_record
SF:/Users/ocots/Research/logiciels/dev/control-toolbox/CTSolvers/src/Modelers/adnlp_modeler.jl
DA:17,0
DA:126,93
DA:130,0
DA:133,1
DA:134,140
DA:303,120
DA:305,118
DA:306,2
DA:309,118
DA:312,93
DA:316,120
DA:350,33
DA:355,33
DA:358,33
DA:361,33
DA:400,11
DA:401,11
LH:15
LF:17
end_of_record
SF:/Users/ocots/Research/logiciels/dev/control-toolbox/CTSolvers/src/Modelers/exa_modeler.jl
DA:17,74
DA:26,74
DA:133,50
DA:137,0
DA:141,73
DA:205,61
DA:207,59
DA:208,2
DA:211,59
DA:214,50
DA:218,59
DA:252,25
DA:257,25
DA:260,25
DA:263,25
DA:264,25
DA:267,25
DA:306,11
DA:307,11
LH:18
LF:19
end_of_record
SF:/Users/ocots/Research/logiciels/dev/control-toolbox/CTSolvers/src/Modelers/validation.jl
DA:29,68
DA:30,212
DA:32,212
DA:33,3
DA:43,209
DA:44,2
DA:45,2
DA:50,209
DA:51,2
DA:52,2
DA:57,209
DA:83,45
DA:84,122
DA:85,4
DA:101,118
DA:124,2
DA:125,5
DA:127,5
DA:128,2
DA:137,3
DA:160,4
DA:161,5
DA:163,5
DA:164,2
DA:174,3
DA:175,1
DA:176,2
DA:177,1
DA:180,3
DA:203,12
DA:204,12
DA:205,0
DA:214,12
DA:215,2
DA:225,10
DA:226,2
DA:229,10
DA:254,6
DA:255,16
DA:256,0
DA:266,10
DA:267,1
DA:269,9
DA:270,1
DA:274,10
DA:298,2
DA:299,0
DA:307,2
DA:333,26
DA:334,29
DA:335,7
DA:342,22
LH:49
LF:52
end_of_record
SF:/Users/ocots/Research/logiciels/dev/control-toolbox/CTSolvers/src/Optimization/Optimization.jl
LH:0
LF:0
end_of_record
SF:/Users/ocots/Research/logiciels/dev/control-toolbox/CTSolvers/src/Optimization/abstract_types.jl
LH:0
LF:0
end_of_record
SF:/Users/ocots/Research/logiciels/dev/control-toolbox/CTSolvers/src/Optimization/builders.jl
DA:76,64
DA:92,86
DA:93,125
DA:117,61
DA:136,40
DA:139,39
DA:163,15
DA:179,3
DA:180,7
DA:204,13
DA:220,2
DA:221,5
LH:12
LF:12
end_of_record
SF:/Users/ocots/Research/logiciels/dev/control-toolbox/CTSolvers/src/Optimization/building.jl
DA:34,16
DA:35,49
DA:61,30
LH:3
LF:3
end_of_record
SF:/Users/ocots/Research/logiciels/dev/control-toolbox/CTSolvers/src/Optimization/contract.jl
DA:37,2
DA:38,2
DA:74,3
DA:75,3
DA:111,3
DA:112,3
DA:148,3
DA:149,3
LH:8
LF:8
end_of_record
SF:/Users/ocots/Research/logiciels/dev/control-toolbox/CTSolvers/src/Optimization/solver_info.jl
DA:47,8
DA:48,8
DA:49,8
DA:50,8
DA:51,11
DA:52,8
LH:6
LF:6
end_of_record
SF:/Users/ocots/Research/logiciels/dev/control-toolbox/CTSolvers/src/Options/Options.jl
LH:0
LF:0
end_of_record
SF:/Users/ocots/Research/logiciels/dev/control-toolbox/CTSolvers/src/Options/extraction.jl
DA:59,7710
DA:61,7721
DA:62,8440
DA:63,804
DA:66,804
DA:67,524
DA:68,565
DA:70,41
DA:71,41
DA:76,763
DA:77,13
DA:87,750
DA:89,750
DA:91,14549
DA:94,6917
DA:96,5947
DA:100,970
DA:153,548
DA:154,548
DA:155,548
DA:157,548
DA:158,13272
DA:160,7649
DA:161,1704
DA:163,7649
DA:165,497
DA:216,3
DA:217,3
DA:218,3
DA:220,3
DA:221,9
DA:223,8
DA:224,7
DA:226,13
DA:228,3
DA:229,3
DA:265,122
DA:266,122
DA:267,122
DA:268,441
DA:270,441
DA:271,441
DA:273,760
DA:274,122
LH:44
LF:44
end_of_record
SF:/Users/ocots/Research/logiciels/dev/control-toolbox/CTSolvers/src/Options/not_provided.jl
DA:68,2
DA:100,1
LH:2
LF:2
end_of_record
SF:/Users/ocots/Research/logiciels/dev/control-toolbox/CTSolvers/src/Options/option_definition.jl
DA:81,11020
DA:90,10647
DA:91,1313
DA:92,1314
DA:94,1
DA:95,1
DA:99,10646
DA:104,8935
DA:113,10648
DA:114,81
DA:125,10567
DA:126,8225
DA:137,2342
DA:140,2342
DA:141,1
DA:151,2341
DA:197,7722
DA:235,11
DA:237,16
DA:238,6
DA:240,5
DA:242,11
LH:22
LF:22
end_of_record
SF:/Users/ocots/Research/logiciels/dev/control-toolbox/CTSolvers/src/Options/option_value.jl
DA:41,202
DA:42,1974
DA:43,4
DA:51,1970
DA:74,1
DA:89,3
LH:6
LF:6
end_of_record
SF:/Users/ocots/Research/logiciels/dev/control-toolbox/CTSolvers/src/Orchestration/Orchestration.jl
LH:0
LF:0
end_of_record
SF:/Users/ocots/Research/logiciels/dev/control-toolbox/CTSolvers/src/Orchestration/disambiguation.jl
DA:57,71
DA:63,79
DA:64,36
DA:65,70
DA:66,44
DA:67,39
DA:69,5
DA:77,47
DA:78,31
DA:82,43
DA:126,48
DA:132,48
DA:134,48
DA:135,142
DA:136,142
DA:137,236
DA:139,48
DA:181,49
DA:187,49
DA:189,49
DA:190,145
DA:191,145
DA:192,145
DA:194,145
DA:196,217
DA:197,178
DA:199,217
DA:202,217
DA:203,69
DA:204,69
DA:206,69
DA:207,69
DA:208,217
DA:209,241
DA:211,49
DA:222,1
DA:228,1
DA:230,1
DA:231,3
DA:232,3
DA:233,3
DA:235,3
DA:236,4
DA:237,3
DA:238,3
DA:239,4
DA:240,5
DA:242,1
LH:48
LF:48
end_of_record
SF:/Users/ocots/Research/logiciels/dev/control-toolbox/CTSolvers/src/Orchestration/routing.jl
DA:101,96
DA:111,48
DA:112,2
DA:122,46
DA:127,46
DA:132,46
DA:135,46
DA:136,46
DA:137,136
DA:138,182
DA:139,88
DA:141,68
DA:143,65
DA:145,28
DA:146,34
DA:147,34
DA:150,34
DA:151,46
DA:152,11
DA:154,6
DA:157,6
DA:160,5
DA:162,3
DA:167,4
DA:170,2
DA:179,29
DA:182,37
DA:183,37
DA:185,37
DA:187,7
DA:190,30
DA:192,26
DA:193,26
DA:196,4
DA:202,75
DA:205,27
DA:211,27
DA:213,27
DA:226,10
DA:234,10
DA:235,10
DA:236,30
DA:237,30
DA:240,30
DA:241,50
DA:243,10
DA:245,20
DA:246,30
DA:247,30
DA:248,50
DA:251,10
DA:252,10
DA:255,10
DA:256,6
DA:260,10
DA:275,20
DA:283,10
DA:284,10
DA:285,30
DA:286,30
DA:287,30
DA:288,30
DA:289,30
DA:290,19
DA:292,24
DA:293,50
DA:296,26
DA:297,10
DA:298,10
DA:307,4
DA:318,8
DA:323,4
DA:324,4
DA:325,24
DA:326,8
DA:327,8
DA:328,8
DA:329,8
DA:330,8
DA:331,8
DA:332,8
DA:333,16
DA:336,0
DA:340,20
DA:342,4
DA:344,3
DA:347,3
DA:348,6
DA:349,6
DA:350,6
DA:351,3
DA:356,3
DA:357,3
DA:358,3
DA:361,3
DA:370,1
DA:385,6
DA:390,6
LH:97
LF:98
end_of_record
SF:/Users/ocots/Research/logiciels/dev/control-toolbox/CTSolvers/src/Solvers/Solvers.jl
LH:0
LF:0
end_of_record
SF:/Users/ocots/Research/logiciels/dev/control-toolbox/CTSolvers/src/Solvers/abstract_solver.jl
DA:63,4
DA:64,2
LH:2
LF:2
end_of_record
SF:/Users/ocots/Research/logiciels/dev/control-toolbox/CTSolvers/src/Solvers/common_solve_api.jl
DA:16,0
DA:47,44
DA:55,22
DA:58,22
DA:61,22
DA:63,22
DA:88,30
DA:93,30
DA:112,2
DA:117,2
LH:9
LF:10
end_of_record
SF:/Users/ocots/Research/logiciels/dev/control-toolbox/CTSolvers/src/Solvers/ipopt_solver.jl
DA:10,66
DA:72,53
DA:85,0
DA:118,65
DA:119,65
DA:131,8
DA:132,4
LH:6
LF:7
end_of_record
SF:/Users/ocots/Research/logiciels/dev/control-toolbox/CTSolvers/src/Solvers/knitro_solver.jl
DA:10,7
DA:88,0
DA:121,2
DA:122,1
DA:134,6
DA:135,3
LH:5
LF:6
end_of_record
SF:/Users/ocots/Research/logiciels/dev/control-toolbox/CTSolvers/src/Solvers/madncl_solver.jl
DA:10,50
DA:73,40
DA:86,0
DA:119,49
DA:120,49
DA:132,8
DA:133,4
LH:6
LF:7
end_of_record
SF:/Users/ocots/Research/logiciels/dev/control-toolbox/CTSolvers/src/Solvers/madnlp_solver.jl
DA:10,97
DA:73,65
DA:86,0
DA:119,96
DA:120,96
DA:132,8
DA:133,4
LH:6
LF:7
end_of_record
SF:/Users/ocots/Research/logiciels/dev/control-toolbox/CTSolvers/src/Strategies/Strategies.jl
LH:0
LF:0
end_of_record
SF:/Users/ocots/Research/logiciels/dev/control-toolbox/CTSolvers/src/Strategies/api/builders.jl
DA:43,254
DA:50,127
DA:51,121
DA:86,479
DA:91,958
DA:92,479
DA:94,479
DA:95,1389
DA:96,479
DA:98,1861
DA:100,479
DA:101,477
DA:102,2
DA:103,1
DA:111,1
DA:146,39
DA:151,39
DA:152,39
DA:153,39
DA:199,75
DA:206,75
DA:207,75
LH:22
LF:22
end_of_record
SF:/Users/ocots/Research/logiciels/dev/control-toolbox/CTSolvers/src/Strategies/api/configuration.jl
DA:72,979
DA:78,489
DA:79,10
DA:88,479
DA:89,479
DA:93,479
DA:96,578
DA:97,149
DA:98,62
DA:100,87
DA:103,174
DA:104,160
DA:105,233
DA:110,367
DA:112,367
DA:146,8
DA:148,8
DA:149,3
DA:153,5
DA:154,10
DA:155,3
DA:157,12
DA:159,2
LH:23
LF:23
end_of_record
SF:/Users/ocots/Research/logiciels/dev/control-toolbox/CTSolvers/src/Strategies/api/disambiguation.jl
DA:56,2
DA:57,63
DA:58,2
DA:65,61
DA:125,64
DA:126,62
DA:127,2
DA:136,60
DA:157,3
DA:173,3
DA:190,38
DA:209,3
DA:223,5
DA:239,3
DA:255,22
LH:15
LF:15
end_of_record
SF:/Users/ocots/Research/logiciels/dev/control-toolbox/CTSolvers/src/Strategies/api/introspection.jl
DA:41,45
DA:42,46
DA:43,46
DA:82,9
DA:83,14
DA:122,6
DA:123,9
DA:162,7
DA:163,11
DA:199,5
DA:200,6
DA:201,11
DA:205,6
DA:240,105
DA:241,111
DA:242,111
DA:279,104
DA:280,116
DA:281,116
DA:317,8
DA:318,93
DA:319,93
DA:353,6
DA:386,6
DA:416,6
LH:25
LF:25
end_of_record
SF:/Users/ocots/Research/logiciels/dev/control-toolbox/CTSolvers/src/Strategies/api/registry.jl
DA:47,50
DA:93,50
DA:94,56
DA:97,56
DA:98,89
DA:99,89
DA:100,1
DA:108,88
DA:109,1
DA:117,111
DA:119,54
DA:121,87
DA:122,2
DA:132,85
DA:133,85
DA:134,1
DA:135,1
DA:145,84
DA:146,99
DA:147,1
DA:155,107
DA:157,92
DA:158,105
DA:160,50
DA:198,978
DA:199,2
DA:200,2
DA:208,974
DA:209,487
DA:246,361
DA:251,717
DA:252,7
DA:253,7
DA:262,354
DA:263,419
DA:264,351
DA:266,68
DA:269,6
DA:270,3
DA:281,2
DA:282,2
DA:285,2
DA:286,2
DA:287,2
DA:289,2
DA:290,2
DA:291,3
DA:292,3
DA:293,3
DA:294,3
DA:295,3
LH:51
LF:51
end_of_record
SF:/Users/ocots/Research/logiciels/dev/control-toolbox/CTSolvers/src/Strategies/api/utilities.jl
DA:29,6
DA:53,13
DA:54,13
DA:55,13
DA:60,13
DA:104,105
DA:105,105
DA:106,105
DA:107,105
DA:144,254
DA:149,133
DA:150,133
DA:160,266
DA:165,133
DA:168,133
DA:169,133
DA:171,1587
DA:173,2972
DA:174,216
DA:175,216
DA:176,418
DA:177,3174
DA:178,3053
DA:181,6729
DA:182,133
DA:183,133
DA:197,253
DA:198,254
DA:199,322
DA:200,70
DA:201,138
DA:203,254
DA:204,254
DA:237,1844
DA:238,1844
DA:239,337968
DA:242,1844
DA:243,22892
DA:244,43940
DA:245,1844
DA:246,26670
DA:247,51496
DA:250,1844
DA:251,24826
DA:252,580500
DA:253,16198
DA:255,274052
DA:261,555682
DA:262,47813
DA:264,1844
LH:50
LF:50
end_of_record
SF:/Users/ocots/Research/logiciels/dev/control-toolbox/CTSolvers/src/Strategies/api/validation_helpers.jl
DA:34,62
DA:39,89
DA:40,62
DA:43,124
DA:44,62
DA:47,62
DA:48,62
DA:49,89
DA:50,89
DA:51,89
DA:52,89
DA:53,233
DA:54,233
DA:56,89
DA:59,62
DA:74,62
DA:100,87
DA:104,146
DA:105,87
DA:107,87
LH:20
LF:20
end_of_record
SF:/Users/ocots/Research/logiciels/dev/control-toolbox/CTSolvers/src/Strategies/contract/abstract_strategy.jl
DA:197,4
DA:198,4
DA:219,3
DA:220,3
DA:251,5
DA:252,284
DA:254,279
DA:257,5
DA:297,4
DA:298,4
DA:299,4
DA:300,4
DA:303,4
DA:304,3
DA:306,1
DA:309,4
DA:310,2
DA:311,2
DA:312,3
DA:313,3
DA:314,3
DA:315,4
DA:318,4
DA:338,2
DA:339,2
DA:340,2
DA:342,2
DA:343,2
DA:344,2
DA:346,2
DA:384,1
DA:385,1
DA:388,5
DA:389,5
DA:390,5
DA:391,5
DA:392,5
DA:394,5
DA:397,5
DA:398,4
DA:402,5
DA:403,4
DA:405,1
DA:406,1
DA:410,4
DA:411,4
DA:412,7
DA:413,5
DA:414,6
DA:415,5
DA:416,5
DA:417,5
DA:418,5
DA:420,5
DA:421,2
DA:423,5
LH:56
LF:56
end_of_record
SF:/Users/ocots/Research/logiciels/dev/control-toolbox/CTSolvers/src/Strategies/contract/metadata.jl
DA:140,894
DA:142,894
DA:143,894
DA:144,1
DA:145,1
DA:155,893
DA:156,893
DA:157,893
DA:159,893
DA:197,110
DA:220,173
DA:244,495
DA:268,329
DA:295,11
DA:316,12
DA:341,20
DA:344,1
DA:345,1
DA:346,1
DA:347,2
DA:348,1
DA:349,2
DA:350,2
DA:351,2
DA:352,2
DA:353,2
DA:354,2
LH:27
LF:27
end_of_record
SF:/Users/ocots/Research/logiciels/dev/control-toolbox/CTSolvers/src/Strategies/contract/strategy_options.jl
DA:91,383
DA:92,427
DA:93,1548
DA:94,2
DA:102,2673
DA:103,425
DA:106,172
DA:140,199
DA:163,1
DA:192,663
DA:219,147
DA:240,4
DA:261,4
DA:282,4
DA:304,106
DA:329,4
DA:349,3
DA:369,2
DA:395,9
DA:396,7
DA:397,5
DA:398,5
DA:420,10
DA:440,4
DA:464,99
DA:493,4
DA:494,4
DA:495,4
DA:496,11
DA:497,4
DA:498,11
DA:499,11
DA:500,11
DA:501,11
DA:521,1
DA:522,2
DA:523,2
DA:524,2
LH:38
LF:38
end_of_record
SF:/Users/ocots/Research/logiciels/dev/control-toolbox/CTSolvers/test/coverage.jl
LH:0
LF:0
end_of_record
SF:/Users/ocots/Research/logiciels/dev/control-toolbox/CTSolvers/test/problems/TestProblems.jl
LH:0
LF:0
end_of_record
SF:/Users/ocots/Research/logiciels/dev/control-toolbox/CTSolvers/test/problems/elec.jl
DA:4,21980
DA:5,23740
DA:7,13099
DA:8,2365
DA:9,2365
DA:10,2365
DA:11,2365
DA:12,9460
DA:13,43111
DA:14,37840
DA:15,16555
DA:16,2365
DA:19,2618
DA:20,2618
DA:22,0
DA:24,24
DA:26,12
DA:29,2377
DA:30,4700
DA:31,4700
DA:32,4700
DA:33,2365
DA:37,2630
DA:38,5206
DA:39,5206
DA:40,5206
DA:41,2618
DA:44,60
DA:45,60
DA:46,12
DA:49,87
DA:51,15
DA:52,75
DA:58,30
DA:61,9
DA:63,9
DA:64,9
DA:65,9
DA:68,9
DA:69,9
DA:72,9
DA:74,9
DA:77,12
DA:84,24
DA:85,24
DA:86,12
DA:87,12
DA:88,12
DA:89,12
DA:91,12
DA:93,12
LH:50
LF:51
end_of_record
SF:/Users/ocots/Research/logiciels/dev/control-toolbox/CTSolvers/test/problems/max1minusx2.jl
DA:3,47
DA:4,258
DA:8,271
DA:12,10
DA:17,256
DA:18,281
DA:19,10
DA:20,10
DA:21,10
DA:24,21
DA:27,11
DA:33,18
DA:36,4
DA:37,4
DA:38,4
DA:39,4
DA:40,4
DA:43,10
DA:50,10
DA:51,10
DA:53,10
LH:21
LF:21
end_of_record
SF:/Users/ocots/Research/logiciels/dev/control-toolbox/CTSolvers/test/problems/problems_definition.jl
DA:4,46
DA:5,46
DA:9,46
DA:16,54
DA:20,28
DA:24,11
DA:28,11
DA:32,11
DA:36,11
LH:9
LF:9
end_of_record
SF:/Users/ocots/Research/logiciels/dev/control-toolbox/CTSolvers/test/problems/rosenbrock.jl
DA:2,374
DA:3,807
DA:6,908
DA:9,24
DA:12,24
DA:14,802
DA:15,926
DA:16,24
DA:17,24
DA:18,24
DA:21,52
DA:24,28
DA:30,54
DA:33,15
DA:34,15
DA:35,15
DA:36,15
DA:37,15
DA:40,24
DA:46,48
DA:47,48
DA:49,24
LH:22
LF:22
end_of_record
SF:/Users/ocots/Research/logiciels/dev/control-toolbox/CTSolvers/test/runtests.jl
DA:35,0
DA:36,0
LH:0
LF:2
end_of_record
SF:/Users/ocots/Research/logiciels/dev/control-toolbox/CTSolvers/test/suite/docp/test_docp.jl
DA:31,8
DA:38,4
DA:49,6
DA:53,4
DA:54,2
DA:55,2
DA:57,2
DA:58,2
DA:63,4
DA:64,2
DA:65,2
DA:67,2
DA:68,2
DA:76,1
DA:77,1
DA:83,1
DA:84,2
DA:86,3
DA:87,1
DA:95,1
DA:96,1
DA:99,1
DA:102,1
DA:110,1
DA:111,1
DA:112,1
DA:113,1
DA:114,1
DA:115,1
DA:116,1
DA:120,3
DA:121,1
DA:122,1
DA:130,1
DA:131,1
DA:133,1
DA:137,1
DA:138,1
DA:139,1
DA:140,1
DA:141,1
DA:151,3
DA:152,1
DA:153,1
DA:160,1
DA:161,1
DA:163,1
DA:168,3
DA:169,1
DA:170,1
DA:174,3
DA:175,1
DA:176,1
DA:180,3
DA:181,1
DA:182,1
DA:186,3
DA:187,1
DA:188,1
DA:197,2
DA:198,3
DA:199,1
DA:200,1
DA:208,1
DA:209,1
DA:211,1
DA:215,1
DA:216,1
DA:217,1
DA:227,3
DA:228,4
DA:229,2
DA:230,1
DA:231,1
DA:232,1
DA:233,1
DA:234,1
DA:236,2
DA:237,2
DA:239,1
DA:244,3
DA:245,2
DA:247,1
DA:248,1
DA:249,1
DA:250,1
DA:251,1
DA:255,3
DA:256,2
DA:258,1
DA:259,1
DA:260,1
DA:261,1
DA:265,3
DA:266,1
DA:268,1
DA:269,1
DA:270,1
DA:274,3
DA:275,1
DA:277,1
DA:278,1
DA:279,1
DA:288,2
DA:290,3
DA:293,4
DA:294,1
DA:302,2
DA:308,1
DA:311,1
DA:316,1
DA:319,1
DA:320,3
DA:321,1
DA:323,1
DA:324,1
DA:327,1
DA:328,1
DA:330,1
DA:331,1
DA:332,1
DA:333,1
DA:338,3
DA:341,1
DA:342,2
DA:343,1
DA:344,1
DA:346,2
DA:347,1
DA:348,1
DA:350,1
DA:351,2
DA:358,1
DA:363,1
DA:366,1
DA:367,3
DA:368,1
DA:370,1
DA:371,1
DA:374,1
DA:375,1
DA:377,1
DA:378,1
DA:379,1
DA:383,3
DA:386,1
DA:387,3
DA:388,2
DA:389,2
DA:391,4
DA:392,2
DA:393,2
DA:395,1
DA:396,1
DA:398,1
DA:403,1
DA:404,2
DA:405,1
DA:406,1
DA:409,1
DA:410,2
DA:411,1
DA:412,1
DA:420,1
LH:164
LF:164
end_of_record
SF:/Users/ocots/Research/logiciels/dev/control-toolbox/CTSolvers/test/suite/extensions/__not_tested_test_knitro_extension.jl
DA:55,0
DA:56,0
DA:392,0
LH:0
LF:3
end_of_record
SF:/Users/ocots/Research/logiciels/dev/control-toolbox/CTSolvers/test/suite/extensions/test_ipopt_extension.jl
DA:34,1
DA:35,1
DA:41,1
DA:42,3
DA:44,1
DA:45,1
DA:48,1
DA:49,1
DA:50,1
DA:51,1
DA:52,1
DA:53,1
DA:56,1
DA:57,1
DA:58,1
DA:61,1
DA:62,1
DA:63,1
DA:72,3
DA:73,1
DA:74,1
DA:77,1
DA:78,1
DA:81,1
DA:82,1
DA:84,1
DA:85,1
DA:93,3
DA:94,1
DA:97,1
DA:98,1
DA:99,2
DA:100,2
DA:101,2
DA:104,1
DA:105,1
DA:106,1
DA:115,17
DA:118,1
DA:122,1
DA:123,1
DA:131,3
DA:134,1
DA:135,1
DA:138,1
DA:148,1
DA:151,1
DA:152,1
DA:153,1
DA:157,3
DA:160,1
DA:161,5
DA:163,1
DA:169,1
DA:172,1
DA:176,3
DA:179,1
DA:180,1
DA:182,1
DA:188,1
DA:191,1
DA:192,1
DA:193,1
DA:194,1
DA:203,3
DA:204,1
DA:206,1
DA:207,1
DA:209,1
DA:210,1
DA:213,1
DA:214,1
DA:222,3
DA:225,1
DA:226,1
DA:229,1
DA:230,1
DA:232,1
DA:233,1
DA:235,1
DA:236,1
DA:244,3
DA:245,2
DA:249,3
DA:250,2
DA:252,6
DA:257,4
DA:260,2
DA:261,2
DA:263,3
DA:268,3
DA:269,2
DA:271,6
DA:276,4
DA:279,2
DA:280,2
DA:282,3
DA:291,3
DA:292,1
DA:294,1
DA:304,3
DA:305,2
DA:307,3
DA:308,2
DA:309,1
DA:310,1
DA:311,1
DA:313,1
DA:317,3
DA:318,2
DA:320,3
DA:321,2
DA:322,1
DA:324,1
DA:328,3
DA:329,2
DA:331,3
DA:332,2
DA:333,1
DA:334,1
DA:335,1
DA:336,1
DA:338,1
DA:347,3
DA:348,2
DA:350,1
DA:360,3
DA:361,2
DA:363,8
DA:369,2
DA:370,2
DA:371,2
DA:373,3
DA:377,3
DA:378,2
DA:380,8
DA:386,2
DA:388,3
DA:392,3
DA:393,2
DA:395,8
DA:401,2
DA:402,2
DA:403,2
DA:404,2
DA:406,3
DA:415,3
DA:418,1
DA:419,1
DA:420,1
DA:423,1
DA:424,1
DA:427,1
DA:428,1
DA:429,1
DA:432,1
DA:433,1
DA:434,1
DA:437,1
DA:438,1
DA:439,1
DA:440,1
DA:443,1
DA:444,1
DA:445,1
DA:446,1
DA:454,3
DA:456,3
DA:459,3
DA:462,3
DA:465,2
DA:469,1
DA:470,1
DA:471,1
DA:472,1
DA:480,3
DA:481,1
DA:482,1
DA:486,1
DA:494,1
DA:495,1
DA:497,1
DA:502,1
DA:508,1
DA:516,3
DA:517,1
DA:518,1
DA:521,1
DA:553,2
DA:556,1
DA:563,1
LH:191
LF:191
end_of_record
SF:/Users/ocots/Research/logiciels/dev/control-toolbox/CTSolvers/test/suite/extensions/test_madncl_extension.jl
DA:29,7
DA:46,1
DA:47,1
DA:54,1
DA:55,3
DA:57,1
DA:58,1
DA:61,1
DA:62,1
DA:63,1
DA:64,1
DA:65,1
DA:68,1
DA:69,1
DA:70,1
DA:71,1
DA:72,1
DA:73,1
DA:74,1
DA:75,1
DA:76,1
DA:77,1
DA:80,1
DA:81,1
DA:82,1
DA:83,1
DA:84,1
DA:85,1
DA:86,1
DA:89,1
DA:90,1
DA:91,1
DA:94,1
DA:95,1
DA:96,1
DA:97,1
DA:98,1
DA:107,3
DA:108,1
DA:109,1
DA:112,1
DA:113,1
DA:116,1
DA:117,1
DA:125,3
DA:126,1
DA:129,1
DA:130,1
DA:131,2
DA:132,2
DA:133,2
DA:134,2
DA:137,1
DA:138,1
DA:139,1
DA:140,1
DA:149,3
DA:150,1
DA:151,1
DA:153,2
DA:154,1
DA:157,1
DA:162,1
DA:163,1
DA:164,1
DA:166,1
DA:175,3
DA:176,3
DA:177,3
DA:178,2
DA:182,1
DA:191,3
DA:192,1
DA:193,1
DA:196,1
DA:204,1
DA:214,3
DA:215,1
DA:216,5
DA:220,1
DA:226,1
DA:227,1
DA:235,3
DA:238,1
DA:239,1
DA:241,1
DA:247,1
DA:250,1
DA:254,3
DA:257,1
DA:258,5
DA:260,1
DA:266,1
DA:269,1
DA:273,3
DA:276,1
DA:277,1
DA:279,1
DA:285,1
DA:288,1
DA:289,1
DA:290,1
DA:292,1
DA:301,4
DA:303,0
DA:307,0
DA:313,0
DA:314,0
DA:317,1
DA:327,3
DA:328,1
DA:330,1
DA:331,1
DA:333,1
DA:334,1
DA:337,1
DA:338,1
DA:346,3
DA:353,1
DA:354,1
DA:357,1
DA:358,5
DA:360,1
DA:361,1
DA:363,1
DA:364,1
DA:366,1
DA:367,1
DA:375,3
DA:376,1
DA:377,2
DA:378,2
DA:379,2
DA:382,3
DA:383,2
DA:384,4
DA:387,12
DA:392,4
DA:398,8
DA:404,4
DA:405,4
DA:407,6
DA:408,3
DA:417,3
DA:418,1
DA:419,2
DA:420,1
DA:426,1
DA:427,1
DA:430,3
DA:431,2
DA:432,4
DA:434,6
DA:435,2
DA:436,2
DA:438,2
DA:439,3
DA:443,3
DA:444,2
DA:445,4
DA:447,6
DA:448,2
DA:449,2
DA:450,2
DA:451,2
DA:453,2
DA:455,2
DA:456,3
DA:465,4
DA:466,0
DA:467,0
DA:476,0
DA:477,0
DA:481,0
DA:482,0
DA:501,1
DA:510,4
DA:511,0
DA:512,0
DA:521,0
DA:522,0
DA:523,0
DA:524,0
DA:525,0
DA:541,1
DA:550,4
DA:551,0
DA:552,0
DA:556,0
DA:564,0
DA:565,0
DA:569,0
DA:570,0
DA:571,0
DA:574,1
DA:582,1
LH:171
LF:196
end_of_record
SF:/Users/ocots/Research/logiciels/dev/control-toolbox/CTSolvers/test/suite/extensions/test_madnlp_extension.jl
DA:29,7
DA:46,1
DA:47,1
DA:53,1
DA:54,3
DA:56,1
DA:57,1
DA:60,1
DA:61,1
DA:62,1
DA:63,1
DA:66,1
DA:67,1
DA:68,1
DA:69,1
DA:72,1
DA:73,1
DA:74,1
DA:75,1
DA:78,1
DA:79,1
DA:80,1
DA:81,1
DA:82,1
DA:85,1
DA:86,1
DA:87,1
DA:88,1
DA:91,1
DA:92,1
DA:93,1
DA:94,1
DA:97,1
DA:98,1
DA:99,1
DA:100,1
DA:103,1
DA:104,1
DA:105,1
DA:106,1
DA:107,1
DA:108,1
DA:109,1
DA:110,1
DA:111,1
DA:112,1
DA:113,1
DA:116,1
DA:117,1
DA:118,1
DA:119,1
DA:122,1
DA:123,1
DA:124,1
DA:125,1
DA:128,1
DA:129,1
DA:130,1
DA:131,1
DA:134,1
DA:135,1
DA:136,1
DA:137,1
DA:138,1
DA:147,3
DA:148,1
DA:149,1
DA:152,1
DA:153,1
DA:156,1
DA:157,1
DA:165,3
DA:166,1
DA:169,1
DA:170,1
DA:171,2
DA:172,2
DA:173,2
DA:176,1
DA:177,1
DA:178,1
DA:187,17
DA:190,1
DA:196,1
DA:197,1
DA:198,1
DA:207,3
DA:210,1
DA:211,1
DA:213,1
DA:220,1
DA:223,1
DA:224,1
DA:225,1
DA:229,3
DA:232,1
DA:233,5
DA:235,1
DA:241,1
DA:244,1
DA:248,3
DA:251,1
DA:252,1
DA:254,1
DA:260,1
DA:263,1
DA:264,1
DA:265,1
DA:267,1
DA:275,4
DA:276,0
DA:277,0
DA:285,0
DA:286,0
DA:287,0
DA:291,0
DA:292,0
DA:293,0
DA:297,0
DA:298,0
DA:302,0
DA:303,0
DA:321,1
DA:331,3
DA:332,1
DA:334,1
DA:335,1
DA:337,1
DA:338,1
DA:341,1
DA:342,1
DA:345,1
DA:346,1
DA:348,1
DA:349,1
DA:351,1
DA:352,1
DA:361,3
DA:362,3
DA:363,3
DA:364,3
DA:365,3
DA:366,3
DA:367,3
DA:368,2
DA:372,1
DA:373,1
DA:374,1
DA:379,3
DA:380,1
DA:381,1
DA:382,1
DA:385,1
DA:386,1
DA:389,1
DA:390,3
DA:391,2
DA:397,3
DA:398,1
DA:399,1
DA:402,1
DA:403,1
DA:406,1
DA:407,3
DA:408,3
DA:410,3
DA:411,3
DA:413,2
DA:419,3
DA:420,1
DA:421,1
DA:424,1
DA:425,1
DA:426,1
DA:429,1
DA:430,3
DA:431,3
DA:432,3
DA:434,3
DA:435,3
DA:437,3
DA:438,3
DA:440,3
DA:441,2
DA:450,3
DA:457,1
DA:458,1
DA:461,1
DA:462,1
DA:464,1
DA:465,1
DA:467,1
DA:468,1
DA:470,1
DA:471,1
DA:479,3
DA:480,1
DA:481,2
DA:482,2
DA:483,2
DA:487,3
DA:488,2
DA:489,4
DA:491,12
DA:492,8
DA:498,4
DA:499,4
DA:501,6
DA:502,3
DA:507,3
DA:508,2
DA:509,4
DA:511,12
DA:512,8
DA:518,4
DA:519,4
DA:521,6
DA:522,3
DA:531,3
DA:532,1
DA:533,2
DA:534,1
DA:535,2
DA:536,2
DA:539,3
DA:540,2
DA:541,4
DA:543,12
DA:544,4
DA:545,4
DA:546,4
DA:547,4
DA:549,6
DA:550,3
DA:554,3
DA:555,2
DA:556,4
DA:558,12
DA:559,4
DA:560,4
DA:562,6
DA:563,3
DA:567,3
DA:568,2
DA:569,4
DA:571,12
DA:572,4
DA:573,4
DA:574,4
DA:575,4
DA:577,4
DA:579,6
DA:580,3
DA:589,4
DA:590,0
DA:591,0
DA:599,0
DA:600,0
DA:601,0
DA:602,0
DA:603,0
DA:604,0
DA:608,0
DA:609,0
DA:610,0
DA:611,0
DA:612,0
DA:629,1
DA:638,4
DA:639,0
DA:640,0
DA:647,0
DA:648,0
DA:652,0
DA:653,0
DA:657,0
DA:658,0
DA:662,0
DA:663,0
DA:664,0
DA:667,1
DA:675,1
LH:246
LF:282
end_of_record
SF:/Users/ocots/Research/logiciels/dev/control-toolbox/CTSolvers/test/suite/extensions/test_madnlp_extract_solver_infos.jl
DA:23,1
DA:24,1
DA:26,1
DA:29,7
DA:30,7
DA:33,1
DA:39,1
DA:47,1
DA:54,2
DA:55,1
DA:64,1
DA:65,1
DA:68,1
DA:72,1
DA:73,1
DA:74,1
DA:75,1
DA:76,1
DA:77,1
DA:83,8
DA:84,8
DA:87,2
DA:90,1
DA:91,1
DA:92,1
DA:95,1
DA:98,1
DA:99,1
DA:102,1
DA:107,1
DA:108,1
DA:120,6
DA:121,7
DA:124,2
DA:127,1
DA:128,1
DA:129,1
DA:130,1
DA:133,1
DA:134,1
DA:137,1
DA:142,5
DA:143,7
DA:146,1
DA:147,1
DA:148,1
DA:149,1
DA:151,1
DA:154,1
DA:155,1
DA:162,5
DA:163,7
DA:166,1
DA:167,1
DA:168,1
DA:169,1
DA:171,1
DA:174,1
DA:175,1
DA:178,1
DA:179,1
DA:181,0
DA:187,6
DA:188,7
DA:191,2
DA:192,1
DA:193,1
DA:194,1
DA:196,1
DA:199,1
DA:200,1
DA:202,1
DA:204,1
DA:205,1
DA:206,1
DA:207,1
DA:208,1
DA:209,1
DA:215,5
DA:216,7
DA:219,1
DA:222,1
DA:223,1
DA:226,1
DA:227,1
DA:230,1
DA:233,1
DA:237,1
DA:241,1
DA:242,1
DA:245,1
DA:246,1
DA:249,1
DA:250,0
DA:251,0
DA:252,0
DA:253,0
DA:254,0
DA:255,0
DA:261,6
DA:262,7
DA:265,2
DA:268,1
DA:269,1
DA:270,1
DA:273,1
DA:276,1
DA:277,1
DA:280,1
DA:281,1
DA:284,1
DA:291,1
LH:105
LF:112
end_of_record
SF:/Users/ocots/Research/logiciels/dev/control-toolbox/CTSolvers/test/suite/integration/__test_performance_validation.jl
DA:32,0
DA:33,0
DA:40,0
DA:46,0
DA:52,0
DA:55,0
DA:57,0
DA:58,0
DA:59,0
DA:60,0
DA:61,0
DA:67,0
DA:68,0
DA:71,0
DA:72,0
DA:75,0
DA:76,0
DA:77,0
DA:80,0
DA:81,0
DA:82,0
DA:85,0
DA:86,0
DA:87,0
DA:90,0
DA:91,0
DA:92,0
DA:94,0
DA:95,0
DA:97,0
DA:98,0
DA:99,0
DA:102,0
DA:103,0
DA:106,0
DA:107,0
DA:109,0
DA:110,0
DA:111,0
DA:113,0
DA:120,0
DA:121,0
DA:124,0
DA:125,0
DA:126,0
DA:129,0
DA:130,0
DA:131,0
DA:134,0
DA:135,0
DA:140,0
DA:143,0
DA:144,0
DA:145,0
DA:147,0
DA:148,0
DA:149,0
DA:150,0
DA:153,0
DA:154,0
DA:155,0
DA:162,0
DA:163,0
DA:166,0
DA:167,0
DA:168,0
DA:171,0
DA:172,0
DA:173,0
DA:176,0
DA:178,0
DA:179,0
DA:181,0
DA:257,0
DA:258,0
DA:261,0
DA:262,0
DA:263,0
DA:264,0
DA:266,0
DA:268,0
DA:269,0
DA:270,0
DA:271,0
DA:273,0
DA:274,0
DA:275,0
DA:276,0
DA:279,0
DA:280,0
DA:281,0
DA:282,0
DA:289,0
DA:290,0
DA:293,0
DA:294,0
DA:296,0
DA:298,0
DA:300,0
DA:303,0
DA:304,0
DA:307,0
DA:308,0
DA:309,0
DA:311,0
DA:312,0
DA:314,0
DA:315,0
DA:316,0
DA:319,0
DA:320,0
DA:322,0
DA:323,0
DA:324,0
DA:327,0
DA:328,0
DA:336,0
LH:0
LF:117
end_of_record
SF:/Users/ocots/Research/logiciels/dev/control-toolbox/CTSolvers/test/suite/integration/test_comprehensive_validation.jl
DA:88,5
DA:96,5
DA:102,5
DA:103,10
DA:105,15
DA:106,5
DA:107,5
DA:110,15
DA:113,5
DA:114,5
DA:115,5
DA:117,5
DA:118,14
DA:124,15
DA:125,5
DA:126,5
DA:129,15
DA:138,10
DA:140,15
DA:141,5
DA:142,5
DA:145,15
DA:150,15
DA:151,5
DA:152,5
DA:154,15
DA:164,15
DA:165,2
DA:167,3
DA:172,15
DA:173,5
DA:174,5
DA:177,15
DA:182,15
DA:183,5
DA:184,5
DA:186,15
DA:195,15
DA:196,2
DA:198,3
DA:203,15
DA:204,5
DA:205,5
DA:208,15
DA:213,15
DA:214,5
DA:215,5
DA:217,15
DA:232,11
DA:238,11
DA:240,22
DA:241,44
DA:242,22
DA:243,22
DA:244,33
DA:247,11
DA:248,6
DA:249,24
DA:250,12
DA:251,12
DA:252,18
DA:255,5
DA:256,0
DA:257,0
DA:261,33
DA:264,11
DA:265,11
DA:266,204
DA:267,36
DA:268,18
DA:270,397
DA:277,5
DA:278,5
DA:279,15
DA:280,15
DA:288,1
DA:289,1
DA:292,2
DA:297,1
DA:298,1
DA:299,1
DA:300,1
DA:303,1
DA:304,0
DA:306,2
DA:319,2
DA:320,3
DA:321,1
DA:324,1
DA:332,3
DA:333,1
DA:336,1
DA:337,1
DA:340,1
DA:341,1
DA:345,1
DA:353,3
DA:354,1
DA:357,1
DA:364,3
DA:365,1
DA:367,1
DA:368,1
DA:372,1
DA:386,3
DA:390,3
DA:391,1
DA:394,1
DA:401,3
DA:402,1
DA:404,1
DA:405,1
DA:409,1
DA:421,1
DA:423,3
DA:424,1
DA:426,1
DA:432,3
DA:433,1
DA:435,1
DA:436,1
DA:439,1
DA:451,1
DA:453,3
DA:454,1
DA:456,1
DA:462,3
DA:463,1
DA:465,1
DA:466,1
DA:469,1
DA:514,2
DA:516,3
DA:519,1
DA:523,1
DA:527,1
DA:528,1
DA:532,1
DA:536,3
DA:537,3
DA:538,3
DA:539,3
DA:544,3
DA:545,1
DA:546,1
DA:548,1
DA:549,1
DA:550,2
DA:554,1
DA:555,1
DA:556,1
DA:558,1
DA:559,1
DA:560,2
DA:566,3
DA:567,1
DA:569,1
DA:574,1
DA:575,1
DA:577,1
DA:578,1
DA:579,1
DA:582,4
DA:584,1
DA:585,4
DA:586,4
DA:587,4
DA:588,4
DA:589,4
DA:590,4
DA:592,12
DA:593,4
DA:602,2
DA:604,3
DA:605,1
DA:608,1
DA:609,3
DA:611,1
DA:612,3
DA:617,5
DA:625,1
DA:640,1
LH:179
LF:182
end_of_record
SF:/Users/ocots/Research/logiciels/dev/control-toolbox/CTSolvers/test/suite/integration/test_end_to_end.jl
DA:26,1
DA:27,1
DA:33,1
DA:35,3
DA:36,1
DA:39,1
DA:42,1
DA:43,1
DA:46,1
DA:47,1
DA:48,1
DA:49,1
DA:52,1
DA:53,1
DA:56,1
DA:57,1
DA:60,1
DA:61,1
DA:62,1
DA:65,1
DA:66,1
DA:69,1
DA:70,1
DA:71,1
DA:74,1
DA:76,1
DA:77,1
DA:78,1
DA:79,1
DA:80,1
DA:81,1
DA:83,0
DA:93,3
DA:94,1
DA:97,1
DA:98,1
DA:99,1
DA:102,1
DA:103,1
DA:104,1
DA:105,1
DA:108,1
DA:109,1
DA:112,2
DA:113,1
DA:116,2
DA:117,1
DA:118,1
DA:126,3
DA:127,1
DA:130,3
DA:131,1
DA:133,1
DA:134,1
DA:137,1
DA:138,1
DA:142,3
DA:143,1
DA:145,1
DA:146,1
DA:148,2
DA:149,1
DA:150,1
DA:159,3
DA:160,1
DA:164,3
DA:165,1
DA:167,1
DA:168,1
DA:169,1
DA:174,3
DA:175,1
DA:176,1
DA:179,1
DA:180,3
DA:181,3
DA:183,3
DA:184,3
DA:185,3
DA:186,3
DA:191,3
DA:192,1
DA:194,1
DA:195,1
DA:196,1
DA:201,3
DA:207,1
DA:209,1
DA:210,1
DA:211,1
DA:220,3
DA:221,1
DA:224,1
DA:225,1
DA:226,1
DA:229,1
DA:230,1
DA:231,2
DA:234,1
DA:237,1
DA:238,1
DA:239,1
DA:247,3
DA:248,1
DA:250,1
DA:251,1
DA:254,3
DA:255,1
DA:256,1
DA:257,2
DA:261,3
DA:262,1
DA:263,1
DA:268,3
DA:269,1
DA:270,1
DA:279,3
DA:280,1
DA:282,1
DA:283,1
DA:286,3
DA:287,1
DA:288,1
DA:289,1
DA:293,3
DA:294,1
DA:298,3
DA:299,1
DA:300,1
DA:309,3
DA:310,1
DA:313,3
DA:316,1
DA:317,1
DA:318,1
DA:322,3
DA:323,1
DA:326,1
DA:327,1
DA:328,1
DA:336,1
LH:140
LF:141
end_of_record
SF:/Users/ocots/Research/logiciels/dev/control-toolbox/CTSolvers/test/suite/integration/test_mode_propagation.jl
DA:26,14
DA:30,0
DA:34,34
DA:45,25
DA:47,25
DA:48,25
DA:50,14
DA:57,1
DA:58,1
DA:64,1
DA:66,2
DA:68,5
DA:71,1
DA:72,1
DA:73,1
DA:75,2
DA:81,3
DA:82,1
DA:83,1
DA:84,1
DA:89,3
DA:90,1
DA:93,2
DA:94,1
DA:95,1
DA:100,5
DA:110,3
DA:116,5
DA:126,3
DA:133,1
DA:134,2
DA:139,3
DA:145,1
DA:148,1
DA:155,1
DA:165,3
DA:169,1
DA:173,5
DA:183,3
DA:190,1
DA:191,2
DA:196,3
DA:204,1
DA:205,1
DA:206,1
DA:216,3
DA:220,1
DA:224,5
DA:234,3
DA:241,1
DA:242,2
DA:251,3
DA:257,5
DA:268,3
DA:277,1
DA:278,1
DA:279,1
DA:280,1
DA:285,5
DA:301,3
DA:307,5
DA:317,3
DA:318,1
DA:320,1
DA:321,2
DA:328,1
DA:331,1
DA:332,2
DA:340,1
DA:343,1
DA:344,1
DA:345,1
DA:354,3
DA:359,3
DA:365,1
DA:369,3
DA:376,1
DA:380,3
DA:385,1
DA:394,3
DA:398,1
DA:402,3
DA:411,1
DA:414,1
DA:424,1
DA:427,1
DA:428,1
DA:431,2
DA:432,1
DA:433,2
DA:434,1
DA:443,1
LH:91
LF:92
end_of_record
SF:/Users/ocots/Research/logiciels/dev/control-toolbox/CTSolvers/test/suite/integration/test_real_strategies_mode.jl
DA:31,1
DA:32,1
DA:38,1
DA:40,2
DA:42,5
DA:48,1
DA:49,1
DA:53,1
DA:55,2
DA:61,3
DA:65,1
DA:66,1
DA:67,1
DA:68,1
DA:69,1
DA:74,3
DA:79,1
DA:82,2
DA:83,1
DA:84,1
DA:89,5
DA:99,2
DA:101,5
DA:109,3
DA:112,1
DA:113,1
DA:118,3
DA:123,1
DA:124,2
DA:134,4
DA:137,1
DA:138,1
DA:141,1
DA:142,1
DA:145,1
DA:147,0
DA:149,0
DA:152,1
DA:155,4
DA:157,10
DA:165,6
DA:166,2
DA:167,2
DA:168,2
DA:173,6
DA:178,2
DA:179,4
DA:184,10
DA:190,2
DA:199,2
DA:201,5
DA:209,3
DA:210,1
DA:212,1
DA:213,2
DA:218,1
DA:221,1
DA:222,2
DA:228,1
DA:231,1
DA:232,1
DA:233,1
DA:238,4
DA:251,2
DA:252,3
DA:256,1
DA:257,1
DA:261,3
DA:266,1
DA:270,3
DA:271,1
DA:281,2
DA:283,5
DA:292,3
DA:299,1
DA:300,1
DA:301,1
DA:302,1
DA:303,1
DA:308,5
DA:322,1
LH:79
LF:81
end_of_record
SF:/Users/ocots/Research/logiciels/dev/control-toolbox/CTSolvers/test/suite/integration/test_route_to_comprehensive.jl
DA:61,3
DA:66,3
DA:71,4
DA:76,1
DA:80,0
DA:81,0
DA:82,0
DA:83,0
DA:86,3
DA:87,3
DA:88,3
DA:91,3
DA:92,3
DA:93,3
DA:96,4
DA:97,4
DA:98,4
DA:101,1
DA:102,1
DA:103,1
DA:107,13
DA:116,12
DA:131,13
DA:152,1
DA:217,22
DA:218,11
DA:219,3
DA:220,8
DA:221,3
DA:222,5
DA:223,4
DA:224,1
DA:225,1
DA:227,0
DA:234,13
DA:235,18
DA:236,27
DA:237,9
DA:238,9
DA:245,1
DA:246,1
DA:247,3
DA:254,4
DA:262,2
DA:263,4
DA:265,1
DA:270,2
DA:271,2
DA:274,1
DA:275,3
DA:277,1
DA:278,1
DA:279,0
DA:280,0
DA:281,0
DA:282,0
DA:284,1
DA:286,1
DA:289,1
DA:290,1
DA:291,1
DA:293,5
DA:297,2
DA:308,1
DA:309,1
DA:315,1
DA:316,2
DA:317,3
DA:318,1
DA:319,1
DA:320,1
DA:324,3
DA:325,1
DA:326,1
DA:327,1
DA:328,1
DA:332,4
DA:341,2
DA:342,3
DA:347,1
DA:356,2
DA:357,3
DA:365,1
DA:370,1
DA:371,1
DA:372,1
DA:379,4
DA:380,2
DA:383,1
DA:384,1
DA:390,3
DA:397,1
DA:402,1
DA:403,1
DA:406,1
DA:407,1
DA:408,1
DA:417,2
DA:418,3
DA:424,1
DA:431,3
DA:437,1
DA:442,1
DA:443,1
DA:452,2
DA:453,3
DA:460,1
DA:465,2
DA:466,2
DA:467,2
DA:468,2
DA:473,3
DA:474,1
DA:479,4
DA:480,2
DA:491,2
DA:492,3
DA:498,1
DA:504,1
DA:511,1
DA:516,2
DA:522,1
DA:526,1
DA:528,3
DA:534,1
DA:540,1
DA:547,1
DA:552,2
DA:558,1
DA:559,1
DA:573,2
DA:574,3
DA:579,3
DA:585,3
DA:590,3
DA:596,4
DA:605,1
LH:128
LF:137
end_of_record
SF:/Users/ocots/Research/logiciels/dev/control-toolbox/CTSolvers/test/suite/integration/test_strict_permissive_integration.jl
DA:37,14
DA:42,1
DA:47,1
DA:51,0
DA:52,0
DA:53,0
DA:56,2
DA:57,27
DA:74,2
DA:75,3
DA:93,1
DA:104,21
DA:105,21
DA:106,14
DA:109,1
DA:110,1
DA:111,1
DA:114,1
DA:115,1
DA:116,1
DA:123,1
DA:124,1
DA:130,1
DA:132,2
DA:134,3
DA:136,1
DA:137,1
DA:138,1
DA:139,1
DA:140,1
DA:145,5
DA:148,3
DA:153,3
DA:161,1
DA:162,1
DA:163,1
DA:164,2
DA:165,1
DA:166,2
DA:171,5
DA:185,2
DA:187,3
DA:188,1
DA:191,1
DA:196,1
DA:197,2
DA:200,1
DA:201,1
DA:208,3
DA:209,1
DA:211,1
DA:212,1
DA:213,1
DA:214,1
DA:219,3
DA:225,1
DA:226,1
DA:227,1
DA:228,1
DA:229,1
DA:239,3
DA:246,3
DA:252,1
DA:253,1
DA:257,3
DA:265,1
DA:266,2
DA:270,3
DA:273,1
DA:279,1
DA:288,3
DA:293,1
DA:297,3
DA:303,1
DA:306,1
DA:313,1
DA:322,2
DA:323,2
DA:328,3
DA:333,1
DA:336,1
DA:342,1
DA:351,2
DA:361,2
DA:363,5
DA:364,1
DA:365,1
DA:367,1
DA:368,1
DA:370,0
DA:376,1
DA:377,1
DA:378,2
DA:383,5
DA:396,2
DA:398,5
DA:403,1
DA:404,1
DA:405,1
DA:407,1
DA:409,2
DA:415,3
DA:425,1
DA:426,1
DA:427,2
DA:428,2
DA:429,2
DA:434,3
DA:436,1
DA:444,1
DA:445,1
DA:446,2
DA:447,2
DA:457,2
DA:459,3
DA:463,1
DA:468,3
DA:475,1
DA:476,2
DA:477,2
DA:487,2
DA:489,3
DA:490,1
DA:491,1
DA:496,3
DA:502,1
DA:503,2
DA:504,2
DA:505,2
DA:510,5
DA:518,1
DA:519,2
DA:520,2
DA:521,2
DA:522,2
DA:531,1
LH:132
LF:136
end_of_record
SF:/Users/ocots/Research/logiciels/dev/control-toolbox/CTSolvers/test/suite/meta/test_aqua.jl
DA:9,1
DA:10,1
DA:11,3
DA:19,1
DA:25,1
LH:5
LF:5
end_of_record
SF:/Users/ocots/Research/logiciels/dev/control-toolbox/CTSolvers/test/suite/modelers/test_coverage_modelers.jl
DA:21,1
DA:24,1
DA:26,1
DA:28,1
DA:29,1
DA:35,1
DA:36,3
DA:37,1
DA:38,1
DA:39,1
DA:42,2
DA:45,2
DA:49,3
DA:50,2
DA:58,3
DA:66,3
DA:67,1
DA:75,3
DA:76,2
DA:85,3
DA:86,2
DA:91,3
DA:92,2
DA:101,3
DA:105,3
DA:112,1
LH:26
LF:26
end_of_record
SF:/Users/ocots/Research/logiciels/dev/control-toolbox/CTSolvers/test/suite/modelers/test_coverage_validation.jl
DA:12,1
DA:13,1
DA:19,1
DA:21,3
DA:22,1
DA:23,1
DA:24,1
DA:27,2
DA:28,2
DA:31,2
DA:32,2
DA:41,3
DA:42,1
DA:43,1
DA:44,1
DA:47,2
DA:48,2
DA:49,2
DA:58,3
DA:59,1
DA:60,1
DA:63,2
DA:64,2
DA:73,3
DA:76,2
DA:77,2
DA:80,2
DA:81,2
DA:90,3
DA:91,1
DA:92,1
DA:95,3
DA:98,2
DA:99,2
DA:108,3
DA:109,1
DA:112,2
DA:115,2
DA:118,1
DA:119,1
DA:127,3
DA:128,1
DA:137,3
DA:138,1
DA:139,1
DA:142,2
DA:143,2
DA:144,2
DA:151,1
LH:49
LF:49
end_of_record
SF:/Users/ocots/Research/logiciels/dev/control-toolbox/CTSolvers/test/suite/modelers/test_enhanced_options.jl
DA:26,1
DA:27,1
DA:29,1
DA:31,2
DA:33,3
DA:34,1
DA:36,1
DA:37,1
DA:40,1
DA:41,1
DA:46,3
DA:47,1
DA:48,1
DA:50,1
DA:51,1
DA:52,1
DA:56,1
DA:57,2
DA:63,3
DA:64,1
DA:67,1
DA:68,2
DA:74,3
DA:81,1
DA:82,1
DA:83,1
DA:84,1
DA:85,1
DA:91,2
DA:93,3
DA:94,1
DA:96,1
DA:97,1
DA:102,3
DA:103,1
DA:106,1
DA:107,1
DA:112,3
DA:115,1
DA:118,1
DA:119,1
DA:122,1
DA:123,1
DA:128,3
DA:133,1
DA:134,1
DA:135,1
DA:138,1
DA:144,2
DA:146,3
DA:147,1
DA:150,1
DA:151,1
DA:152,1
DA:153,1
DA:156,1
DA:157,1
DA:158,1
DA:160,2
DA:161,2
DA:162,2
DA:167,3
DA:168,1
DA:171,1
DA:172,1
DA:173,1
DA:176,1
DA:177,1
DA:178,1
DA:179,1
DA:184,2
DA:186,3
DA:187,1
DA:188,1
DA:189,1
DA:190,1
DA:191,1
DA:194,1
DA:195,1
DA:196,1
DA:197,1
DA:198,1
DA:199,1
DA:202,1
DA:207,1
DA:208,1
DA:209,1
DA:210,1
DA:215,3
DA:216,3
DA:217,3
DA:218,3
DA:219,2
DA:225,3
DA:235,1
DA:236,1
DA:237,1
DA:238,1
DA:240,1
DA:241,1
DA:242,1
DA:243,1
DA:250,2
DA:251,3
DA:252,1
DA:253,2
DA:254,1
DA:260,3
DA:261,1
DA:262,2
DA:263,1
DA:268,4
DA:269,2
DA:274,4
DA:275,2
DA:285,1
LH:116
LF:116
end_of_record
SF:/Users/ocots/Research/logiciels/dev/control-toolbox/CTSolvers/test/suite/modelers/test_modelers.jl
DA:19,1
DA:20,1
DA:22,3
DA:23,2
DA:24,2
DA:27,1
DA:28,1
DA:29,1
DA:32,1
DA:33,1
DA:36,1
DA:37,1
DA:38,2
DA:39,2
DA:41,1
DA:42,1
DA:43,2
DA:44,2
DA:53,1
DA:54,1
DA:56,2
DA:57,1
DA:58,1
DA:61,1
DA:62,1
DA:63,1
DA:64,1
DA:67,1
DA:68,1
DA:69,1
DA:72,1
DA:73,1
DA:74,2
DA:75,2
DA:84,1
DA:85,1
DA:87,2
DA:88,1
DA:89,1
DA:90,1
DA:93,1
DA:94,1
DA:95,1
DA:98,1
DA:99,1
DA:102,1
DA:103,1
DA:104,1
DA:107,1
DA:108,2
DA:109,2
DA:118,1
DA:119,1
DA:121,2
DA:122,1
DA:125,1
DA:126,1
DA:127,2
DA:128,2
DA:137,1
DA:138,1
DA:141,5
DA:153,1
DA:154,1
DA:156,2
DA:157,1
DA:160,1
DA:161,1
DA:162,1
DA:165,2
DA:166,2
DA:167,3
DA:171,1
DA:172,1
DA:173,2
DA:174,1
DA:175,1
DA:176,1
DA:177,1
DA:178,1
DA:184,1
LH:81
LF:81
end_of_record
SF:/Users/ocots/Research/logiciels/dev/control-toolbox/CTSolvers/test/suite/optimization/test_error_cases.jl
DA:27,1
DA:32,1
DA:35,3
DA:41,1
DA:48,4
DA:58,1
DA:74,1
DA:75,1
DA:81,1
DA:82,3
DA:85,4
DA:89,4
DA:93,4
DA:97,4
DA:106,3
DA:109,3
DA:110,1
DA:113,2
DA:114,1
DA:115,1
DA:119,4
DA:120,2
DA:121,2
DA:130,2
DA:132,4
DA:134,2
DA:139,4
DA:141,2
DA:146,4
DA:149,1
DA:151,2
DA:163,2
DA:164,6
DA:166,1
DA:167,1
DA:168,1
DA:169,1
DA:170,1
DA:174,3
DA:175,3
DA:177,1000
DA:178,1
DA:179,1
DA:180,1
DA:185,5
DA:186,2
DA:187,2
DA:188,2
DA:189,2
DA:192,2
DA:193,1
DA:194,1
DA:195,1
DA:198,2
DA:199,1
DA:200,1
DA:201,1
DA:210,2
DA:211,3
DA:212,2
DA:214,1
DA:215,1
DA:216,1
DA:220,3
DA:221,2
DA:223,1
DA:224,1
DA:225,1
DA:229,3
DA:230,2
DA:232,1
DA:233,1
DA:234,1
DA:238,3
DA:239,2
DA:241,2
DA:242,1
DA:243,1
DA:252,2
DA:253,5
DA:254,2
DA:256,1
DA:257,1
DA:258,1
DA:262,4
DA:264,1
DA:266,1
DA:267,1
DA:268,2
DA:269,2
DA:277,1
LH:91
LF:91
end_of_record
SF:/Users/ocots/Research/logiciels/dev/control-toolbox/CTSolvers/test/suite/optimization/test_optimization.jl
DA:30,4
DA:37,3
DA:38,3
DA:39,3
DA:40,3
DA:45,1
DA:51,6
DA:54,4
DA:55,4
DA:56,2
DA:57,2
DA:59,2
DA:60,2
DA:64,4
DA:65,4
DA:66,2
DA:67,2
DA:69,2
DA:70,2
DA:78,9
DA:100,1
DA:101,1
DA:107,1
DA:108,2
DA:109,3
DA:110,1
DA:111,1
DA:112,1
DA:113,1
DA:117,3
DA:119,2
DA:120,2
DA:121,2
DA:122,2
DA:131,2
DA:133,3
DA:134,3
DA:135,2
DA:136,4
DA:139,1
DA:140,1
DA:141,1
DA:144,2
DA:145,1
DA:146,1
DA:147,1
DA:148,1
DA:151,1
DA:152,1
DA:157,3
DA:158,5
DA:159,2
DA:161,2
DA:162,2
DA:163,4
DA:164,2
DA:167,1
DA:168,1
DA:169,1
DA:172,2
DA:173,1
DA:174,1
DA:175,1
DA:178,1
DA:179,1
DA:180,1
DA:185,3
DA:186,1
DA:187,1
DA:188,1
DA:191,1
DA:192,1
DA:193,1
DA:196,1
DA:197,1
DA:198,1
DA:199,1
DA:200,1
DA:205,3
DA:206,1
DA:207,1
DA:208,1
DA:211,1
DA:212,1
DA:213,1
DA:216,1
DA:217,1
DA:218,1
DA:219,1
DA:220,1
DA:230,3
DA:231,1
DA:239,1
DA:240,1
DA:243,1
DA:248,3
DA:249,1
DA:250,1
DA:254,3
DA:255,1
DA:256,1
DA:260,3
DA:261,1
DA:262,1
DA:266,3
DA:267,1
DA:268,1
DA:278,5
DA:279,2
DA:280,1
DA:281,1
DA:283,2
DA:284,1
DA:285,1
DA:287,2
DA:288,2
DA:290,1
DA:295,3
DA:296,2
DA:298,1
DA:299,1
DA:300,1
DA:304,3
DA:305,2
DA:307,1
DA:308,1
DA:312,3
DA:313,1
DA:315,1
DA:316,1
DA:317,1
DA:321,3
DA:322,1
DA:324,1
DA:325,1
DA:326,1
DA:335,2
DA:336,3
DA:337,2
DA:339,1
DA:341,1
DA:342,1
DA:343,1
DA:344,1
DA:345,1
DA:346,1
DA:350,3
DA:351,2
DA:353,2
DA:355,1
DA:356,1
DA:357,1
DA:358,1
DA:359,1
DA:360,1
DA:364,3
DA:365,2
DA:367,2
DA:369,1
DA:370,1
DA:371,1
DA:372,1
DA:373,1
DA:374,1
DA:383,2
DA:385,6
DA:386,1
DA:392,2
DA:393,1
DA:396,1
DA:401,1
DA:402,2
DA:403,1
DA:405,1
DA:406,1
DA:409,1
DA:410,1
DA:412,1
DA:413,1
DA:416,1
DA:417,1
DA:418,1
DA:423,3
DA:424,2
DA:425,1
DA:426,1
DA:427,1
DA:429,1
DA:430,1
DA:432,1
DA:433,2
DA:436,1
DA:441,1
DA:442,2
DA:443,1
DA:445,1
DA:446,1
DA:449,1
DA:450,1
DA:452,1
DA:453,1
DA:461,1
LH:202
LF:202
end_of_record
SF:/Users/ocots/Research/logiciels/dev/control-toolbox/CTSolvers/test/suite/optimization/test_real_problems.jl
DA:24,1
DA:25,1
DA:31,1
DA:33,3
DA:37,3
DA:38,1
DA:41,1
DA:42,1
DA:43,1
DA:44,1
DA:47,1
DA:48,1
DA:49,1
DA:52,1
DA:53,1
DA:54,1
DA:59,3
DA:60,1
DA:63,1
DA:64,1
DA:65,1
DA:66,1
DA:69,1
DA:70,1
DA:71,1
DA:74,1
DA:75,1
DA:76,1
DA:81,3
DA:84,1
DA:85,1
DA:86,1
DA:87,1
DA:88,1
DA:91,1
DA:92,1
DA:93,1
DA:96,1
DA:97,1
DA:98,1
DA:107,2
DA:108,3
DA:111,1
DA:114,1
DA:115,1
DA:118,1
DA:119,1
DA:120,1
DA:123,1
DA:126,1
DA:127,1
DA:131,3
DA:134,1
DA:137,1
DA:138,1
DA:141,1
DA:142,1
DA:143,1
DA:146,1
DA:149,1
DA:157,1
LH:61
LF:61
end_of_record
SF:/Users/ocots/Research/logiciels/dev/control-toolbox/CTSolvers/test/suite/options/test_coverage_options.jl
DA:21,0
DA:23,0
DA:32,1
DA:33,1
DA:39,1
DA:40,3
DA:41,1
DA:42,1
DA:46,3
DA:47,1
DA:48,1
DA:52,3
DA:53,1
DA:61,4
DA:67,3
DA:70,1
DA:71,1
DA:72,1
DA:76,3
DA:79,1
DA:83,3
DA:86,1
DA:90,5
DA:95,1
DA:96,1
DA:97,1
DA:98,1
DA:99,1
DA:100,1
DA:101,1
DA:102,1
DA:103,1
DA:107,3
DA:110,1
DA:111,1
DA:112,1
DA:116,4
DA:122,1
DA:123,1
DA:126,2
DA:127,1
DA:128,1
DA:131,2
DA:132,3
DA:135,1
DA:138,1
DA:139,1
DA:142,2
DA:143,2
DA:146,1
DA:147,1
DA:148,2
DA:149,3
DA:150,1
DA:151,1
DA:152,1
DA:156,4
DA:162,1
DA:163,1
DA:164,2
DA:165,1
DA:166,1
DA:167,1
DA:168,1
DA:171,1
DA:172,1
DA:173,2
DA:174,1
DA:175,1
DA:178,1
DA:181,1
DA:182,1
DA:183,2
DA:184,1
DA:192,3
DA:197,1
DA:198,1
DA:199,2
DA:200,1
DA:201,1
DA:204,1
DA:205,1
DA:206,2
DA:207,1
DA:208,1
DA:213,4
DA:218,2
DA:223,3
DA:229,1
DA:232,3
DA:237,3
DA:242,3
DA:251,1
LH:91
LF:93
end_of_record
SF:/Users/ocots/Research/logiciels/dev/control-toolbox/CTSolvers/test/suite/options/test_extraction_api.jl
DA:15,4
DA:18,0
DA:21,0
DA:27,1
DA:33,1
DA:35,2
DA:37,3
DA:43,1
DA:45,1
DA:47,1
DA:48,1
DA:49,1
DA:54,3
DA:61,1
DA:63,2
DA:65,1
DA:66,1
DA:67,1
DA:70,1
DA:71,3
DA:73,1
DA:74,1
DA:75,1
DA:80,3
DA:86,1
DA:88,1
DA:90,1
DA:91,1
DA:92,1
DA:97,3
DA:102,3
DA:104,1
DA:106,1
DA:108,1
DA:109,1
DA:112,1
DA:113,3
DA:114,1
DA:120,3
DA:126,1
DA:128,2
DA:132,3
DA:137,1
DA:139,1
DA:141,1
DA:142,1
DA:143,1
DA:144,1
DA:145,1
DA:146,1
DA:147,1
DA:151,3
DA:155,1
DA:157,1
DA:159,1
DA:160,1
DA:161,1
DA:162,1
DA:163,1
DA:167,3
DA:172,1
DA:174,1
DA:176,1
DA:177,1
DA:178,1
DA:179,1
DA:180,1
DA:181,1
DA:182,1
DA:187,3
DA:188,1
DA:190,1
DA:191,1
DA:192,1
DA:194,1
DA:195,1
DA:196,1
DA:197,1
DA:202,3
DA:207,2
DA:209,1
DA:212,3
DA:213,1
DA:217,2
DA:224,2
DA:227,1
DA:229,3
DA:230,1
DA:242,1
DA:244,3
DA:251,1
DA:253,1
DA:256,1
DA:257,1
DA:258,1
DA:259,1
DA:260,1
DA:261,1
DA:264,1
DA:267,1
DA:268,1
DA:269,1
DA:270,1
DA:275,3
DA:285,1
DA:295,1
DA:298,1
DA:299,1
DA:300,1
DA:301,1
DA:302,1
DA:303,1
DA:306,1
DA:309,2
DA:310,6
DA:311,11
DA:316,3
DA:317,1
DA:319,1
DA:320,1
DA:321,1
DA:322,1
DA:325,1
DA:326,1
DA:328,1
DA:329,1
DA:330,1
DA:333,1
DA:334,1
DA:336,1
DA:337,1
DA:338,1
DA:347,1
LH:131
LF:133
end_of_record
SF:/Users/ocots/Research/logiciels/dev/control-toolbox/CTSolvers/test/suite/options/test_not_provided.jl
DA:13,1
DA:14,1
DA:15,1
DA:16,3
DA:17,1
DA:18,1
DA:23,3
DA:30,1
DA:31,1
DA:34,1
DA:41,1
DA:42,1
DA:46,3
DA:54,1
DA:55,1
DA:57,1
DA:58,1
DA:59,1
DA:60,1
DA:61,2
DA:64,1
DA:65,1
DA:67,1
DA:68,1
DA:72,3
DA:94,1
DA:95,1
DA:98,3
DA:99,3
DA:100,3
DA:102,1
DA:103,1
DA:106,2
DA:107,2
DA:108,3
DA:113,3
DA:129,1
DA:130,1
DA:133,3
DA:134,1
DA:135,1
DA:138,3
DA:141,1
DA:142,1
DA:145,3
DA:146,1
DA:147,1
DA:150,3
DA:155,3
DA:162,1
DA:165,1
DA:166,1
DA:167,1
DA:170,2
DA:171,3
DA:172,5
DA:177,3
DA:199,1
DA:202,1
DA:205,2
DA:206,2
DA:207,2
DA:210,2
DA:211,2
DA:212,3
DA:215,1
DA:218,2
DA:219,2
DA:220,2
DA:223,2
DA:224,2
DA:225,3
DA:232,1
LH:73
LF:73
end_of_record
SF:/Users/ocots/Research/logiciels/dev/control-toolbox/CTSolvers/test/suite/options/test_option_definition.jl
DA:11,1
DA:12,1
DA:18,1
DA:20,3
DA:26,1
DA:27,1
DA:28,1
DA:29,1
DA:30,1
DA:31,1
DA:39,4
DA:40,1
DA:48,1
DA:49,1
DA:50,1
DA:51,1
DA:52,1
DA:53,1
DA:61,3
DA:67,1
DA:68,1
DA:69,1
DA:70,1
DA:71,1
DA:72,1
DA:81,3
DA:89,2
DA:97,1
DA:102,1
DA:106,2
DA:107,1
DA:112,2
DA:122,3
DA:129,1
DA:130,1
DA:139,3
DA:145,1
DA:148,1
DA:155,1
DA:164,3
DA:170,1
DA:172,1
DA:178,1
DA:180,1
DA:186,1
DA:189,1
DA:190,6
DA:193,1
DA:194,1
DA:195,1
DA:197,1
DA:198,1
DA:199,1
DA:201,1
DA:202,1
DA:203,1
DA:206,1
DA:207,1
DA:208,1
DA:209,1
DA:210,1
DA:213,1
DA:214,1
DA:215,1
DA:216,5
DA:217,5
DA:219,5
DA:220,1
DA:223,1
DA:227,1
DA:236,3
DA:244,1
DA:250,1
DA:254,1
DA:255,1
DA:256,2
DA:258,1
DA:259,1
DA:260,2
DA:263,1
DA:264,1
DA:266,1
DA:267,1
DA:274,1
LH:84
LF:84
end_of_record
SF:/Users/ocots/Research/logiciels/dev/control-toolbox/CTSolvers/test/suite/options/test_options_value.jl
DA:11,1
DA:12,1
DA:14,1
DA:16,3
DA:17,1
DA:18,1
DA:19,1
DA:22,1
DA:23,1
DA:24,1
DA:25,1
DA:28,1
DA:29,1
DA:30,1
DA:32,1
DA:33,1
DA:34,1
DA:40,4
DA:41,2
DA:42,2
DA:47,3
DA:48,1
DA:49,1
DA:50,1
DA:52,1
DA:53,1
DA:54,1
DA:55,1
DA:60,3
DA:61,1
DA:64,1
DA:65,1
DA:68,1
DA:69,1
DA:76,1
LH:35
LF:35
end_of_record
SF:/Users/ocots/Research/logiciels/dev/control-toolbox/CTSolvers/test/suite/orchestration/test_coverage_disambiguation.jl
DA:25,0
DA:26,16
DA:38,0
DA:39,18
DA:52,0
DA:53,18
DA:97,1
DA:98,1
DA:104,1
DA:105,3
DA:109,1
DA:110,1
DA:111,1
DA:112,1
DA:113,3
DA:114,3
DA:122,3
DA:128,1
DA:129,1
DA:130,1
DA:134,3
DA:140,1
DA:144,3
DA:150,1
DA:151,1
DA:155,5
DA:163,5
DA:172,5
DA:181,4
DA:191,5
DA:199,4
DA:206,1
DA:210,5
DA:219,3
DA:225,1
DA:226,1
DA:227,1
DA:228,1
DA:236,3
DA:242,1
DA:249,1
LH:38
LF:41
end_of_record
SF:/Users/ocots/Research/logiciels/dev/control-toolbox/CTSolvers/test/suite/orchestration/test_method_builders.jl
DA:19,3
DA:22,0
DA:23,5
DA:31,3
DA:34,2
DA:37,0
DA:38,4
DA:52,3
DA:55,6
DA:56,3
DA:57,3
DA:58,3
DA:59,3
DA:60,3
DA:63,4
DA:64,2
DA:65,2
DA:66,2
DA:67,2
DA:68,2
DA:82,1
DA:83,1
DA:89,1
DA:91,3
DA:97,1
DA:98,1
DA:101,1
DA:108,1
DA:109,1
DA:112,1
DA:120,1
DA:121,1
DA:122,1
DA:131,3
DA:137,1
DA:138,1
DA:139,1
DA:142,1
DA:148,1
DA:149,1
DA:150,1
DA:151,1
DA:160,3
DA:165,1
DA:171,1
DA:172,1
DA:175,1
DA:181,1
DA:189,1
DA:190,1
DA:191,1
DA:192,1
DA:199,1
LH:51
LF:53
end_of_record
SF:/Users/ocots/Research/logiciels/dev/control-toolbox/CTSolvers/test/suite/orchestration/test_orchestration_disambiguation.jl
DA:22,0
DA:23,3
DA:26,0
DA:27,4
DA:38,0
DA:39,4
DA:73,1
DA:74,1
DA:80,1
DA:82,3
DA:83,1
DA:84,1
DA:87,1
DA:88,1
DA:89,1
DA:90,1
DA:93,1
DA:97,1
DA:98,1
DA:99,1
DA:100,1
DA:103,2
DA:109,3
DA:115,1
DA:119,1
DA:122,1
DA:126,1
DA:129,1
DA:137,3
DA:141,1
DA:142,1
DA:143,1
DA:144,1
DA:145,1
DA:153,3
DA:157,1
DA:160,3
DA:161,1
DA:164,3
DA:165,1
DA:166,1
DA:176,3
DA:177,1
DA:185,1
DA:187,1
DA:188,1
DA:190,1
DA:192,1
DA:193,1
DA:195,1
DA:205,3
DA:208,1
DA:213,1
DA:214,1
DA:215,1
DA:217,1
DA:218,1
DA:219,1
DA:222,1
DA:223,1
DA:226,1
DA:227,1
DA:234,1
LH:60
LF:63
end_of_record
SF:/Users/ocots/Research/logiciels/dev/control-toolbox/CTSolvers/test/suite/orchestration/test_routing.jl
DA:22,0
DA:23,22
DA:33,0
DA:34,23
DA:45,0
DA:46,23
DA:95,1
DA:96,1
DA:102,1
DA:103,3
DA:109,1
DA:118,2
DA:119,1
DA:120,1
DA:123,2
DA:124,2
DA:125,2
DA:128,2
DA:129,1
DA:130,2
DA:131,1
DA:139,3
DA:144,1
DA:153,2
DA:154,1
DA:155,2
DA:163,3
DA:167,1
DA:176,2
DA:177,1
DA:178,2
DA:179,1
DA:187,3
DA:189,3
DA:203,3
DA:205,3
DA:220,3
DA:222,3
DA:237,3
DA:239,1
DA:248,2
DA:249,1
DA:251,2
DA:256,3
DA:258,1
DA:267,2
DA:268,1
DA:270,2
DA:275,3
DA:281,1
DA:289,1
DA:290,1
DA:291,1
DA:295,3
DA:300,3
DA:301,1
DA:302,3
DA:303,1
DA:306,3
DA:307,1
DA:308,1
DA:310,3
DA:311,1
DA:312,1
DA:320,3
DA:328,1
DA:337,1
DA:338,1
DA:341,1
DA:342,1
DA:343,1
DA:344,1
DA:354,3
DA:355,1
DA:362,1
DA:364,1
DA:365,1
DA:367,1
DA:368,1
DA:369,1
DA:373,1
DA:374,1
DA:381,1
DA:383,1
DA:384,1
DA:385,1
DA:386,1
DA:387,1
DA:391,1
DA:392,1
DA:399,1
DA:401,1
DA:402,1
DA:403,1
DA:404,1
DA:412,1
LH:93
LF:96
end_of_record
SF:/Users/ocots/Research/logiciels/dev/control-toolbox/CTSolvers/test/suite/orchestration/test_routing_validation.jl
DA:26,0
DA:27,17
DA:31,0
DA:32,17
DA:36,0
DA:37,17
DA:41,8
DA:48,8
DA:55,8
DA:64,8
DA:67,1
DA:68,1
DA:74,1
DA:75,3
DA:76,1
DA:77,1
DA:80,1
DA:85,1
DA:91,3
DA:102,3
DA:103,1
DA:106,1
DA:108,3
DA:115,3
DA:116,1
DA:119,1
DA:121,3
DA:132,3
DA:133,1
DA:136,1
DA:139,2
DA:147,2
DA:148,1
DA:152,3
DA:153,1
DA:156,1
DA:161,2
DA:168,1
DA:169,1
DA:173,3
DA:174,1
DA:178,1
DA:180,3
DA:191,3
DA:192,1
DA:199,1
DA:200,1
DA:205,1
DA:213,3
DA:214,1
DA:217,1
DA:219,3
DA:229,1
LH:50
LF:53
end_of_record
SF:/Users/ocots/Research/logiciels/dev/control-toolbox/CTSolvers/test/suite/solvers/test_common_solve_api.jl
DA:24,5
DA:28,5
DA:33,8
DA:34,8
DA:35,8
DA:37,8
DA:54,1
DA:55,1
DA:61,1
DA:63,5
DA:66,1
DA:69,1
DA:71,1
DA:72,1
DA:73,1
DA:74,1
DA:82,5
DA:83,1
DA:85,1
DA:87,1
DA:88,1
DA:89,1
DA:97,4
DA:98,3
DA:100,1
DA:103,1
DA:104,1
DA:107,1
DA:108,1
DA:111,1
DA:112,1
DA:120,5
DA:121,1
DA:124,1
DA:125,1
DA:128,1
DA:131,1
DA:132,1
DA:140,3
DA:143,4
DA:144,3
DA:145,2
DA:146,1
DA:151,1
DA:152,1
DA:153,1
DA:156,1
DA:163,1
LH:48
LF:48
end_of_record
SF:/Users/ocots/Research/logiciels/dev/control-toolbox/CTSolvers/test/suite/solvers/test_coverage_solvers.jl
DA:23,1
DA:27,1
DA:31,2
DA:32,2
DA:35,1
DA:36,1
DA:42,1
DA:43,3
DA:44,1
DA:45,2
DA:47,2
DA:48,2
DA:57,3
DA:58,1
DA:59,2
DA:62,1
DA:65,1
DA:66,2
DA:67,1
DA:70,1
DA:71,1
DA:74,2
DA:77,2
DA:80,1
DA:81,1
DA:82,1
DA:84,1
DA:86,1
DA:87,1
DA:88,1
DA:89,1
DA:100,4
DA:108,4
DA:116,4
DA:124,3
DA:132,3
DA:133,1
DA:134,1
DA:135,1
DA:144,3
DA:145,1
DA:149,1
DA:150,1
DA:151,1
DA:152,1
DA:154,1
DA:155,1
DA:162,1
LH:48
LF:48
end_of_record
SF:/Users/ocots/Research/logiciels/dev/control-toolbox/CTSolvers/test/suite/solvers/test_extension_stubs.jl
DA:12,9
DA:24,1
DA:25,1
DA:31,1
DA:33,4
DA:36,1
DA:37,1
DA:38,1
DA:40,1
DA:43,1
DA:46,1
DA:47,1
DA:48,1
DA:49,1
DA:80,4
DA:82,1
DA:83,1
DA:84,1
DA:86,1
DA:89,1
DA:91,1
DA:92,1
DA:93,1
DA:94,1
DA:102,4
DA:104,1
DA:105,1
DA:106,1
DA:108,1
DA:111,1
DA:113,1
DA:114,1
DA:115,1
DA:116,1
DA:125,3
DA:126,1
DA:129,1
DA:130,1
DA:133,1
DA:134,9
DA:135,3
DA:142,1
LH:42
LF:42
end_of_record
SF:/Users/ocots/Research/logiciels/dev/control-toolbox/CTSolvers/test/suite/solvers/test_solver_types.jl
DA:23,1
DA:24,1
DA:30,1
DA:32,3
DA:33,1
DA:34,1
DA:39,2
DA:42,2
DA:43,2
DA:44,2
DA:55,3
DA:58,1
DA:59,1
DA:62,3
DA:69,1
DA:72,1
DA:75,1
DA:76,1
DA:85,3
DA:88,1
DA:89,1
DA:92,2
DA:95,2
DA:98,2
DA:99,2
DA:102,1
DA:105,1
DA:106,1
DA:116,3
DA:119,1
DA:120,1
DA:123,1
DA:126,1
DA:127,1
DA:134,1
LH:35
LF:35
end_of_record
SF:/Users/ocots/Research/logiciels/dev/control-toolbox/CTSolvers/test/suite/solvers/test_type_stability.jl
DA:27,1
DA:28,1
DA:34,1
DA:35,2
DA:37,3
DA:38,1
DA:39,1
DA:43,3
DA:44,1
DA:45,1
DA:49,3
DA:50,1
DA:51,1
DA:67,2
DA:69,3
DA:70,1
DA:73,1
DA:74,1
DA:78,1
DA:79,1
DA:80,1
DA:84,3
DA:85,1
DA:88,1
DA:89,1
DA:92,1
DA:93,1
DA:97,3
DA:98,1
DA:101,1
DA:102,1
DA:105,1
DA:106,1
DA:129,2
DA:130,3
DA:131,1
DA:135,1
DA:136,1
DA:137,2
DA:138,2
DA:142,3
DA:143,1
DA:146,1
DA:147,1
DA:148,2
DA:149,2
DA:170,1
LH:47
LF:47
end_of_record
SF:/Users/ocots/Research/logiciels/dev/control-toolbox/CTSolvers/test/suite/strategies/test_abstract_strategy.jl
DA:17,4
DA:20,1
DA:28,0
DA:29,0
DA:31,5
DA:47,1
DA:49,3
DA:63,1
DA:64,1
DA:70,1
DA:72,2
DA:73,3
DA:74,1
DA:78,3
DA:79,1
DA:83,3
DA:86,1
DA:88,1
DA:89,1
DA:93,3
DA:94,1
DA:95,1
DA:96,1
DA:97,1
DA:99,1
DA:100,1
DA:101,1
DA:105,3
DA:108,1
DA:110,1
DA:111,1
DA:112,1
DA:117,4
DA:118,2
DA:121,1
DA:122,2
DA:132,2
DA:134,4
DA:138,1
DA:141,1
DA:142,1
DA:143,1
DA:146,1
DA:147,1
DA:148,1
DA:149,1
DA:154,3
DA:155,1
DA:157,1
DA:158,1
DA:159,1
DA:163,4
DA:167,1
DA:170,1
DA:171,1
DA:179,1
LH:54
LF:56
end_of_record
SF:/Users/ocots/Research/logiciels/dev/control-toolbox/CTSolvers/test/suite/strategies/test_builders.jl
DA:23,4
DA:27,2
DA:31,3
DA:39,0
DA:40,0
DA:41,0
DA:42,0
DA:44,6
DA:59,3
DA:68,5
DA:77,0
DA:86,11
DA:90,9
DA:94,8
DA:95,4
DA:96,4
DA:97,4
DA:98,4
DA:99,4
DA:102,4
DA:103,2
DA:104,2
DA:105,2
DA:106,2
DA:107,2
DA:110,6
DA:111,3
DA:112,3
DA:113,3
DA:114,3
DA:115,3
DA:118,0
DA:119,0
DA:120,0
DA:121,0
DA:122,0
DA:123,0
DA:135,1
DA:136,1
DA:139,2
DA:150,3
DA:151,1
DA:152,1
DA:153,1
DA:156,1
DA:157,1
DA:158,1
DA:161,1
DA:162,1
DA:163,1
DA:166,3
DA:175,3
DA:176,1
DA:177,1
DA:180,1
DA:181,1
DA:184,1
DA:185,1
DA:186,1
DA:189,1
DA:190,3
DA:195,1
DA:196,3
DA:206,3
DA:209,1
DA:210,1
DA:211,1
DA:212,1
DA:213,1
DA:216,1
DA:217,1
DA:218,1
DA:219,1
DA:222,1
DA:223,1
DA:224,1
DA:225,1
DA:233,3
DA:236,1
DA:239,1
DA:240,1
DA:243,1
DA:246,1
DA:247,1
DA:250,1
DA:253,1
DA:254,1
DA:257,1
DA:258,1
DA:261,1
DA:262,1
DA:271,3
DA:274,1
DA:275,1
DA:276,1
DA:277,1
DA:280,1
DA:281,1
DA:282,1
DA:283,1
DA:286,1
DA:289,1
DA:293,1
DA:294,1
DA:295,1
DA:296,1
DA:297,1
DA:304,1
LH:97
LF:108
end_of_record
SF:/Users/ocots/Research/logiciels/dev/control-toolbox/CTSolvers/test/suite/strategies/test_configuration.jl
DA:24,0
DA:25,0
DA:27,11
DA:50,1
DA:62,1
DA:66,0
DA:77,1
DA:78,1
DA:84,1
DA:86,3
DA:87,1
DA:88,1
DA:89,1
DA:90,1
DA:93,1
DA:94,1
DA:95,1
DA:98,1
DA:101,1
DA:102,1
DA:103,1
DA:106,1
DA:107,1
DA:109,1
DA:110,1
DA:113,1
DA:114,1
DA:115,1
DA:123,3
DA:126,1
DA:127,1
DA:128,1
DA:131,1
DA:132,1
DA:133,1
DA:136,1
DA:137,1
DA:145,3
DA:148,1
DA:149,1
DA:150,2
DA:153,1
DA:154,1
DA:155,2
DA:156,2
DA:159,1
DA:160,1
DA:161,1
DA:164,1
DA:165,1
DA:174,3
DA:175,1
DA:178,1
DA:179,1
DA:182,1
DA:183,1
DA:186,1
DA:187,1
DA:188,2
DA:189,2
DA:190,2
DA:199,3
DA:202,1
DA:203,1
DA:206,1
DA:209,1
DA:210,1
DA:211,1
DA:214,1
DA:215,1
DA:224,3
DA:230,1
DA:231,1
DA:232,1
DA:235,1
DA:236,1
DA:237,1
DA:244,1
LH:75
LF:78
end_of_record
SF:/Users/ocots/Research/logiciels/dev/control-toolbox/CTSolvers/test/suite/strategies/test_coverage_abstract_strategy.jl
DA:18,3
DA:21,0
DA:23,2
DA:39,3
DA:42,3
DA:45,0
DA:47,1
DA:49,1
DA:53,0
DA:57,1
DA:60,0
DA:62,1
DA:71,1
DA:77,1
DA:78,1
DA:84,1
DA:85,4
DA:89,1
DA:91,1
DA:92,1
DA:93,2
DA:95,1
DA:96,1
DA:97,1
DA:98,1
DA:99,1
DA:100,1
DA:101,1
DA:102,1
DA:103,1
DA:107,3
DA:108,1
DA:110,1
DA:111,1
DA:112,2
DA:114,1
DA:115,1
DA:116,1
DA:120,3
DA:122,1
DA:123,1
DA:124,2
DA:126,1
DA:127,1
DA:131,3
DA:134,1
DA:136,1
DA:137,1
DA:138,2
DA:140,1
DA:141,1
DA:149,4
DA:153,1
DA:155,1
DA:156,1
DA:157,2
DA:159,1
DA:160,1
DA:161,1
DA:162,1
DA:166,3
DA:168,1
DA:169,1
DA:170,2
DA:172,1
DA:173,1
DA:181,3
DA:182,1
DA:183,2
DA:185,1
DA:186,1
DA:187,1
DA:188,1
DA:189,1
DA:190,1
DA:191,1
DA:192,1
DA:193,1
DA:197,3
DA:198,1
DA:199,2
DA:201,1
DA:202,1
DA:206,3
DA:207,1
DA:208,2
DA:210,1
DA:211,1
DA:212,1
DA:216,3
DA:217,1
DA:218,2
DA:220,1
DA:221,1
DA:225,3
DA:233,3
DA:236,1
DA:237,1
DA:241,3
DA:242,2
DA:250,4
DA:251,2
DA:258,1
LH:99
LF:103
end_of_record
SF:/Users/ocots/Research/logiciels/dev/control-toolbox/CTSolvers/test/suite/strategies/test_disambiguation.jl
DA:17,1
DA:18,1
DA:24,1
DA:26,3
DA:27,1
DA:28,1
DA:29,1
DA:32,2
DA:40,3
DA:41,1
DA:42,1
DA:43,1
DA:47,3
DA:48,1
DA:49,1
DA:50,1
DA:51,1
DA:55,4
DA:64,3
DA:65,1
DA:68,1
DA:69,1
DA:72,1
DA:73,1
DA:76,1
DA:77,1
DA:80,1
DA:81,1
DA:86,3
DA:87,1
DA:88,1
DA:89,1
DA:98,5
DA:99,1
DA:102,1
DA:103,1
DA:106,1
DA:107,1
DA:116,3
DA:117,1
DA:118,1
DA:119,1
DA:120,1
DA:129,3
DA:130,1
DA:133,1
DA:134,1
DA:142,3
DA:145,1
DA:146,1
DA:147,1
DA:150,1
DA:151,1
DA:152,1
DA:155,2
DA:156,1
DA:157,1
DA:158,1
DA:161,1
DA:162,2
DA:163,2
DA:164,2
DA:167,1
DA:168,1
DA:171,2
DA:172,2
DA:173,2
DA:176,1
DA:177,1
DA:185,1
LH:70
LF:70
end_of_record
SF:/Users/ocots/Research/logiciels/dev/control-toolbox/CTSolvers/test/suite/strategies/test_introspection.jl
DA:15,9
DA:26,0
DA:28,33
DA:50,0
DA:51,2
DA:62,1
DA:63,1
DA:69,1
DA:75,2
DA:76,3
DA:77,1
DA:78,1
DA:79,1
DA:80,1
DA:81,1
DA:84,1
DA:85,1
DA:86,1
DA:90,3
DA:91,1
DA:92,1
DA:95,3
DA:101,4
DA:102,1
DA:103,1
DA:105,1
DA:106,1
DA:109,3
DA:115,3
DA:116,1
DA:117,1
DA:120,3
DA:126,3
DA:127,1
DA:128,1
DA:129,1
DA:130,1
DA:131,1
DA:134,1
DA:135,1
DA:136,1
DA:144,5
DA:149,1
DA:151,1
DA:152,1
DA:153,1
DA:156,2
DA:160,5
DA:165,1
DA:167,1
DA:168,1
DA:169,1
DA:172,2
DA:176,5
DA:181,1
DA:183,1
DA:184,1
DA:185,1
DA:189,5
DA:194,1
DA:196,1
DA:197,1
DA:198,1
DA:202,5
DA:207,1
DA:209,1
DA:210,1
DA:211,1
DA:221,2
DA:223,3
DA:224,1
DA:227,3
DA:232,1
DA:235,1
DA:236,1
DA:239,1
DA:240,1
DA:241,1
DA:246,5
DA:251,1
DA:254,1
DA:255,9
DA:260,3
DA:261,4
DA:266,3
DA:267,1
DA:270,1
DA:271,5
DA:272,5
DA:273,5
DA:275,3
DA:276,3
DA:277,6
DA:278,4
DA:281,3
DA:286,1
DA:289,1
DA:290,3
DA:291,3
DA:293,6
DA:294,3
DA:295,4
DA:300,5
DA:305,1
DA:308,1
DA:311,1
DA:314,1
DA:323,1
LH:106
LF:108
end_of_record
SF:/Users/ocots/Research/logiciels/dev/control-toolbox/CTSolvers/test/suite/strategies/test_metadata.jl
DA:18,1
DA:19,1
DA:25,1
DA:26,3
DA:41,1
DA:42,1
DA:43,1
DA:44,1
DA:45,1
DA:46,1
DA:47,1
DA:55,3
DA:62,2
DA:66,1
DA:67,1
DA:68,1
DA:69,1
DA:77,5
DA:98,3
DA:99,1
DA:100,1
DA:108,3
DA:124,1
DA:125,1
DA:128,1
DA:129,1
DA:130,1
DA:133,1
DA:134,1
DA:135,2
DA:136,2
DA:137,2
DA:138,2
DA:139,1
DA:147,3
DA:154,1
DA:165,1
DA:166,1
DA:167,2
DA:170,1
DA:171,1
DA:172,1
DA:173,1
DA:174,1
DA:175,1
DA:176,1
DA:185,3
DA:201,1
DA:204,1
DA:205,1
DA:208,1
DA:209,2
DA:211,1
DA:212,2
DA:215,2
DA:216,1
DA:218,2
DA:219,1
DA:223,1
DA:224,1
DA:227,3
DA:228,2
DA:229,2
DA:230,4
DA:231,2
DA:233,6
DA:234,2
DA:237,1
DA:238,1
DA:241,1
DA:242,1
DA:243,1
DA:250,1
LH:73
LF:73
end_of_record
SF:/Users/ocots/Research/logiciels/dev/control-toolbox/CTSolvers/test/suite/strategies/test_registry.jl
DA:40,0
DA:41,0
DA:42,0
DA:43,0
DA:45,0
DA:46,0
DA:47,0
DA:48,0
DA:59,1
DA:60,1
DA:66,1
DA:68,2
DA:69,3
DA:72,1
DA:73,2
DA:77,3
DA:82,1
DA:83,1
DA:84,3
DA:85,3
DA:89,3
DA:90,1
DA:91,1
DA:95,3
DA:98,1
DA:99,1
DA:104,5
DA:111,5
DA:117,5
DA:124,3
DA:129,2
DA:130,1
DA:131,1
DA:132,1
DA:133,1
DA:135,2
DA:136,1
DA:137,1
DA:141,3
DA:144,2
DA:145,1
DA:146,1
DA:150,3
DA:153,3
DA:159,3
DA:163,1
DA:164,1
DA:166,1
DA:167,1
DA:171,3
DA:174,3
DA:180,3
DA:183,3
DA:189,3
DA:192,1
DA:193,1
DA:194,2
DA:195,1
DA:196,3
DA:200,3
DA:204,1
DA:205,1
DA:206,2
DA:207,1
DA:208,1
DA:209,1
DA:219,2
DA:220,3
DA:226,1
DA:227,1
DA:229,1
DA:230,1
DA:231,1
DA:234,2
DA:235,2
DA:236,1
DA:237,1
DA:241,3
DA:245,1
DA:246,1
DA:247,1
DA:251,1
DA:255,3
DA:260,2
DA:268,1
LH:77
LF:85
end_of_record
SF:/Users/ocots/Research/logiciels/dev/control-toolbox/CTSolvers/test/suite/strategies/test_strategy_options.jl
DA:22,1
DA:23,1
DA:29,1
DA:31,2
DA:33,4
DA:38,1
DA:39,1
DA:44,4
DA:51,3
DA:52,3
DA:55,3
DA:56,4
DA:59,2
DA:63,5
DA:70,1
DA:71,1
DA:72,1
DA:76,4
DA:82,1
DA:83,1
DA:84,1
DA:86,1
DA:87,1
DA:91,5
DA:98,1
DA:99,1
DA:100,1
DA:103,1
DA:104,1
DA:107,1
DA:108,1
DA:111,1
DA:112,1
DA:116,5
DA:123,1
DA:126,1
DA:129,1
DA:130,1
DA:131,1
DA:132,1
DA:133,1
DA:136,1
DA:137,1
DA:138,5
DA:139,5
DA:140,1
DA:143,1
DA:144,1
DA:145,2
DA:146,2
DA:151,3
DA:152,1
DA:153,1
DA:154,1
DA:157,1
DA:160,1
DA:161,1
DA:171,2
DA:172,5
DA:179,1
DA:180,1
DA:181,2
DA:184,1
DA:185,1
DA:186,1
DA:187,1
DA:192,3
DA:201,1
DA:206,1
DA:207,1
DA:210,1
DA:215,7
DA:224,1
DA:225,1
DA:226,1
DA:227,1
DA:230,1
DA:231,1
DA:232,2
DA:234,1
DA:235,1
DA:236,1
DA:237,1
DA:241,4
DA:247,1
DA:248,1
DA:249,1
DA:257,1
LH:88
LF:88
end_of_record
SF:/Users/ocots/Research/logiciels/dev/control-toolbox/CTSolvers/test/suite/strategies/test_utilities.jl
DA:17,2
DA:20,0
DA:22,12
DA:45,3
DA:56,1
DA:57,1
DA:63,1
DA:64,3
DA:67,1
DA:68,1
DA:69,2
DA:70,2
DA:71,2
DA:72,2
DA:75,1
DA:76,1
DA:77,2
DA:80,1
DA:81,1
DA:82,1
DA:90,3
DA:93,1
DA:94,1
DA:95,2
DA:96,2
DA:97,1
DA:100,1
DA:101,1
DA:102,1
DA:105,1
DA:106,1
DA:107,1
DA:108,1
DA:111,1
DA:112,1
DA:121,3
DA:122,1
DA:123,1
DA:125,1
DA:130,1
DA:131,1
DA:134,1
DA:135,1
DA:136,1
DA:138,1
DA:142,1
DA:145,1
DA:146,1
DA:147,1
DA:150,1
DA:151,1
DA:154,1
DA:155,1
DA:156,2
DA:157,2
DA:158,2
DA:161,1
DA:162,1
DA:163,1
DA:166,1
DA:167,1
DA:168,1
DA:179,3
DA:180,1
DA:183,1
DA:184,1
DA:185,1
DA:186,1
DA:189,1
DA:191,1
DA:192,1
DA:193,1
DA:195,1
DA:196,1
DA:197,1
DA:198,1
DA:199,1
DA:201,0
DA:202,1
DA:203,1
DA:212,3
DA:213,1
DA:214,1
DA:215,1
DA:216,1
DA:219,1
DA:220,1
DA:221,1
DA:222,1
DA:223,1
DA:224,1
DA:227,1
DA:228,1
DA:229,1
DA:230,1
DA:231,1
DA:232,1
DA:233,1
DA:242,3
DA:243,1
DA:244,1
DA:247,1
DA:248,1
DA:249,1
DA:252,1
DA:253,1
DA:256,1
DA:257,1
DA:260,1
DA:261,1
DA:264,1
DA:265,1
DA:266,1
DA:269,1
DA:270,1
DA:271,1
DA:274,1
DA:276,1
DA:286,3
DA:296,1
DA:299,1
DA:302,3
DA:303,3
DA:304,3
DA:307,1
DA:308,1
DA:309,1
DA:312,1
DA:313,1
DA:316,1
DA:317,1
DA:320,1
DA:321,3
DA:322,3
DA:323,3
DA:332,3
DA:335,1
DA:336,1
DA:339,1
DA:340,1
DA:343,1
DA:344,1
DA:353,3
DA:362,1
DA:363,1
DA:364,1
DA:367,1
DA:368,1
DA:369,1
DA:372,1
DA:373,1
DA:374,1
DA:381,1
LH:151
LF:153
end_of_record
SF:/Users/ocots/Research/logiciels/dev/control-toolbox/CTSolvers/test/suite/strategies/test_validation_mode.jl
DA:18,1
DA:19,1
DA:25,1
DA:27,3
DA:28,1
DA:31,2
DA:34,1
DA:38,3
DA:39,1
DA:42,1
DA:43,1
DA:48,3
DA:49,1
DA:50,1
DA:52,1
DA:53,2
DA:54,1
DA:55,1
DA:65,4
DA:66,1
DA:72,3
DA:73,1
DA:74,1
DA:76,1
DA:77,1
DA:78,1
DA:81,2
DA:92,3
DA:93,1
DA:102,1
LH:30
LF:30
end_of_record
SF:/Users/ocots/Research/logiciels/dev/control-toolbox/CTSolvers/test/suite/strategies/test_validation_permissive.jl
DA:21,1
DA:22,1
DA:28,1
DA:29,3
DA:30,1
DA:31,1
DA:40,4
DA:41,1
DA:51,4
DA:52,1
DA:62,4
DA:65,2
DA:66,1
DA:70,4
DA:78,1
DA:79,1
DA:83,4
DA:91,1
DA:92,1
DA:100,4
DA:103,1
DA:112,4
DA:123,3
DA:124,1
DA:126,1
DA:127,1
DA:128,1
DA:136,4
DA:147,1
DA:148,1
DA:149,1
DA:150,1
DA:158,1
LH:33
LF:33
end_of_record
SF:/Users/ocots/Research/logiciels/dev/control-toolbox/CTSolvers/test/suite/strategies/test_validation_strict.jl
DA:22,1
DA:23,1
DA:29,1
DA:31,3
DA:32,1
DA:33,1
DA:36,1
DA:37,1
DA:38,1
DA:41,1
DA:42,1
DA:50,3
DA:51,1
DA:52,1
DA:60,4
DA:61,1
DA:66,4
DA:67,1
DA:72,4
DA:73,1
DA:82,3
DA:83,1
DA:84,1
DA:86,1
DA:87,1
DA:88,2
DA:93,3
DA:94,1
DA:95,1
DA:97,1
DA:98,1
DA:99,1
DA:104,3
DA:105,1
DA:106,1
DA:108,1
DA:109,2
DA:110,1
DA:111,1
DA:116,3
DA:117,1
DA:118,1
DA:120,1
DA:121,1
DA:122,1
DA:132,4
DA:133,1
DA:143,4
DA:144,1
DA:154,4
DA:155,1
DA:159,1
DA:160,1
DA:168,1
LH:54
LF:54
end_of_record
SF:/Users/ocots/Research/logiciels/dev/control-toolbox/CTSolvers/ext/CTSolversIpopt.jl
DA:28,1
DA:29,124
DA:39,168
DA:54,190
DA:68,1
DA:82,1
DA:96,1
DA:110,1
DA:124,1
DA:136,1
DA:148,1
DA:166,4
DA:178,1
DA:190,1
DA:208,4
DA:220,1
DA:238,3
DA:250,1
DA:262,1
DA:280,134
DA:294,1
DA:306,1
DA:318,1
DA:330,1
DA:344,1
DA:358,132
DA:376,143
DA:390,1
DA:404,1
DA:418,1
DA:432,138
DA:469,65
DA:470,65
DA:471,53
DA:490,40
DA:494,20
DA:495,20
DA:496,20
DA:510,23
DA:514,23
DA:515,23
LH:41
LF:41
end_of_record
SF:/Users/ocots/Research/logiciels/dev/control-toolbox/CTSolvers/ext/CTSolversKnitro.jl
DA:28,0
DA:29,0
DA:40,0
DA:54,0
DA:68,0
DA:82,0
DA:96,0
DA:110,0
DA:124,0
DA:142,0
DA:161,0
DA:198,0
DA:199,0
DA:200,0
DA:219,0
DA:223,0
DA:224,0
DA:225,0
DA:239,0
DA:243,0
DA:244,0
LH:0
LF:21
end_of_record
SF:/Users/ocots/Research/logiciels/dev/control-toolbox/CTSolvers/ext/CTSolversMadNCL.jl
DA:30,6
DA:41,62
DA:42,62
DA:49,101
DA:62,92
DA:89,3
DA:116,2
DA:178,1
DA:248,1
DA:328,49
DA:329,49
DA:330,40
DA:349,20
DA:353,10
DA:354,10
DA:357,10
DA:358,6
DA:359,6
DA:360,12
DA:361,6
DA:362,12
DA:365,10
DA:379,14
DA:384,14
DA:385,28
LH:25
LF:25
end_of_record
SF:/Users/ocots/Research/logiciels/dev/control-toolbox/CTSolvers/ext/CTSolversMadNLP.jl
DA:29,110
DA:30,110
DA:37,157
DA:50,141
DA:77,4
DA:90,2
DA:104,4
DA:117,3
DA:137,3
DA:166,3
DA:179,3
DA:192,2
DA:236,3
DA:249,3
DA:262,3
DA:299,96
DA:300,96
DA:301,65
DA:320,30
DA:324,15
DA:325,15
DA:326,15
DA:340,54
DA:344,27
DA:345,27
DA:372,10
DA:376,12
DA:377,10
DA:378,10
DA:379,20
DA:380,10
DA:381,10
LH:32
LF:32
end_of_record
